Python searching for a9979f
message received
ICAO:	'a9979f'
TIME:	2019-02-09 18:57:54.737862
ALT:	11425
LAT:	81983.0
LONG:	69724.0

message received
ICAO:	'a9979f'
TIME:	2019-02-09 18:57:56.115796
ALT:	11425
LAT:	81955.0
LONG:	69695.0

message received
ICAO:	'a9979f'
TIME:	2019-02-09 18:57:59.046118
ALT:	11450
LAT:	33.749069
LONG:	-84.260101

message received
ICAO:	'a9979f'
TIME:	2019-02-09 18:58:02.192480
ALT:	11425
LAT:	33.746475
LONG:	-84.26396

message received
ICAO:	'a9979f'
TIME:	2019-02-09 18:58:03.562012
ALT:	11425
LAT:	33.745484
LONG:	-84.265709

message received
ICAO:	'a9979f'
TIME:	2019-02-09 18:58:04.531148
ALT:	11425
LAT:	33.74474
LONG:	-84.266911

message received
ICAO:	'a9979f'
TIME:	2019-02-09 18:58:07.485756
ALT:	11400
LAT:	33.742722
LONG:	-84.270798

message received
ICAO:	'a9979f'
TIME:	2019-02-09 18:58:10.563674
ALT:	11350
LAT:	33.740753
LONG:	-84.27489

message received
ICAO:	'a9979f'
TIME:	2019-02-09 18:58:13.349518
ALT:	11250
LAT:	33.739153
LONG:	-84.278698

message received
ICAO:	'a9979f'
TIME:	2019-02-09 18:58:13.867939
ALT:	11225
LAT:	33.738876
LONG:	-84.27943

message received
ICAO:	'a9979f'
TIME:	2019-02-09 18:58:16.095400
ALT:	11150
LAT:	33.737757
LONG:	-84.282532

message received
ICAO:	'a9979f'
TIME:	2019-02-09 18:58:17.600892
ALT:	11100
LAT:	33.737045
LONG:	-84.284699

message received
ICAO:	'a9979f'
TIME:	2019-02-09 18:58:18.009119
ALT:	11075
LAT:	33.736872
LONG:	-84.285278

message received
ICAO:	'a9979f'
TIME:	2019-02-09 18:58:18.410850
ALT:	11050
LAT:	33.736686
LONG:	-84.285851

message received
ICAO:	'a9979f'
TIME:	2019-02-09 18:58:19.482424
ALT:	11025
LAT:	33.736267
LONG:	-84.287453

message received
ICAO:	'a9979f'
TIME:	2019-02-09 18:58:19.992498
ALT:	11000
LAT:	33.736038
LONG:	-84.288174

message received
ICAO:	'a9979f'
TIME:	2019-02-09 18:58:20.925040
ALT:	10975
LAT:	33.735718
LONG:	-84.28952

message received
ICAO:	'a9979f'
TIME:	2019-02-09 18:58:21.395071
ALT:	10950
LAT:	33.735569
LONG:	-84.290199

message received
ICAO:	'a9979f'
TIME:	2019-02-09 18:58:21.932607
ALT:	10925
LAT:	33.735336
LONG:	-84.291

message received
ICAO:	'a9979f'
TIME:	2019-02-09 18:58:22.883748
ALT:	10900
LAT:	33.735031
LONG:	-84.292434

message received
ICAO:	'a9979f'
TIME:	2019-02-09 18:58:23.356800
ALT:	10900
LAT:	33.734917
LONG:	-84.293118

message received
ICAO:	'a9979f'
TIME:	2019-02-09 18:58:23.943564
ALT:	10875
LAT:	33.734711
LONG:	-84.294004

message received
ICAO:	'a9979f'
TIME:	2019-02-09 18:58:24.522309
ALT:	10850
LAT:	33.734573
LONG:	-84.294845

message received
ICAO:	'a9979f'
TIME:	2019-02-09 18:58:25.072347
ALT:	10850
LAT:	33.734436
LONG:	-84.295685

message received
ICAO:	'a9979f'
TIME:	2019-02-09 18:58:26.097429
ALT:	10825
LAT:	33.734172
LONG:	-84.297237

message received
ICAO:	'a9979f'
TIME:	2019-02-09 18:58:26.619090
ALT:	10800
LAT:	33.73407
LONG:	-84.29804

message received
ICAO:	'a9979f'
TIME:	2019-02-09 18:58:28.954334
ALT:	10725
LAT:	33.733612
LONG:	-84.301571

message received
ICAO:	'a9979f'
TIME:	2019-02-09 18:58:29.513972
ALT:	10725
LAT:	33.733521
LONG:	-84.302356

message received
ICAO:	'a9979f'
TIME:	2019-02-09 18:58:30.095823
ALT:	10700
LAT:	33.733427
LONG:	-84.303246

message received
ICAO:	'a9979f'
TIME:	2019-02-09 18:58:30.549124
ALT:	10675
LAT:	33.733381
LONG:	-84.303932

message received
ICAO:	'a9979f'
TIME:	2019-02-09 18:58:31.093208
ALT:	10675
LAT:	33.733288
LONG:	-84.30479

message received
ICAO:	'a9979f'
TIME:	2019-02-09 18:58:31.640156
ALT:	10650
LAT:	33.733246
LONG:	-84.305607

message received
ICAO:	'a9979f'
TIME:	2019-02-09 18:58:32.153899
ALT:	10625
LAT:	33.733148
LONG:	-84.306393

message received
ICAO:	'a9979f'
TIME:	2019-02-09 18:58:32.711450
ALT:	10625
LAT:	33.733148
LONG:	-84.307251

message received
ICAO:	'a9979f'
TIME:	2019-02-09 18:58:34.063782
ALT:	10575
LAT:	33.733055
LONG:	-84.309311

message received
ICAO:	'a9979f'
TIME:	2019-02-09 18:58:35.093254
ALT:	10525
LAT:	33.733008
LONG:	-84.310856

message received
ICAO:	'a9979f'
TIME:	2019-02-09 18:58:35.600408
ALT:	10525
LAT:	33.733008
LONG:	-84.311657

message received
ICAO:	'a9979f'
TIME:	2019-02-09 18:58:36.030646
ALT:	10500
LAT:	33.732962
LONG:	-84.312286

message received
ICAO:	'a9979f'
TIME:	2019-02-09 18:58:36.555940
ALT:	10475
LAT:	33.732971
LONG:	-84.313062

message received
ICAO:	'a9979f'
TIME:	2019-02-09 18:58:37.030821
ALT:	10450
LAT:	33.732971
LONG:	-84.31379

message received
ICAO:	'a9979f'
TIME:	2019-02-09 18:58:37.507816
ALT:	10450
LAT:	33.732962
LONG:	-84.314518

message received
ICAO:	'a9979f'
TIME:	2019-02-09 18:58:38.023162
ALT:	10425
LAT:	33.732971
LONG:	-84.31536

message received
ICAO:	'a9979f'
TIME:	2019-02-09 18:58:38.499096
ALT:	10400
LAT:	33.733008
LONG:	-84.316063

message received
ICAO:	'a9979f'
TIME:	2019-02-09 18:58:39.447152
ALT:	10375
LAT:	33.733017
LONG:	-84.31749

message received
ICAO:	'a9979f'
TIME:	2019-02-09 18:58:40.384636
ALT:	10350
LAT:	33.733055
LONG:	-84.318924

message received
ICAO:	'a9979f'
TIME:	2019-02-09 18:58:40.868692
ALT:	10325
LAT:	33.733055
LONG:	-84.319668

message received
ICAO:	'a9979f'
TIME:	2019-02-09 18:58:41.402722
ALT:	10300
LAT:	33.733063
LONG:	-84.320517

message received
ICAO:	'a9979f'
TIME:	2019-02-09 18:58:41.970196
ALT:	10275
LAT:	33.733063
LONG:	-84.321358

message received
ICAO:	'a9979f'
TIME:	2019-02-09 18:58:42.866934
ALT:	10250
LAT:	33.733102
LONG:	-84.322758

message received
ICAO:	'a9979f'
TIME:	2019-02-09 18:58:44.791199
ALT:	10200
LAT:	33.733154
LONG:	-84.32573

message received
ICAO:	'a9979f'
TIME:	2019-02-09 18:58:45.769100
ALT:	10175
LAT:	33.733154
LONG:	-84.327187

message received
ICAO:	'a9979f'
TIME:	2019-02-09 18:58:46.189784
ALT:	10175
LAT:	33.733154
LONG:	-84.327804

message received
ICAO:	'a9979f'
TIME:	2019-02-09 18:58:46.723456
ALT:	10175
LAT:	33.733195
LONG:	-84.328651

message received
ICAO:	'a9979f'
TIME:	2019-02-09 18:58:47.766884
ALT:	10150
LAT:	33.7332
LONG:	-84.33027

message received
ICAO:	'a9979f'
TIME:	2019-02-09 18:58:49.396287
ALT:	10100
LAT:	33.733195
LONG:	-84.332714

message received
ICAO:	'a9979f'
TIME:	2019-02-09 18:58:49.828729
ALT:	10100
LAT:	33.733195
LONG:	-84.333344

message received
ICAO:	'a9979f'
TIME:	2019-02-09 18:58:50.371844
ALT:	10075
LAT:	33.7332
LONG:	-84.334194

message received
ICAO:	'a9979f'
TIME:	2019-02-09 18:58:50.961044
ALT:	10075
LAT:	33.733195
LONG:	-84.335117

message received
ICAO:	'a9979f'
TIME:	2019-02-09 18:58:51.552866
ALT:	10050
LAT:	33.7332
LONG:	-84.335987

message received
ICAO:	'a9979f'
TIME:	2019-02-09 18:58:51.985598
ALT:	10050
LAT:	33.7332
LONG:	-84.33666

message received
ICAO:	'a9979f'
TIME:	2019-02-09 18:58:52.387922
ALT:	10050
LAT:	33.7332
LONG:	-84.337277

message received
ICAO:	'a9979f'
TIME:	2019-02-09 18:58:52.986534
ALT:	10025
LAT:	33.733195
LONG:	-84.338207

message received
ICAO:	'a9979f'
TIME:	2019-02-09 18:58:53.565036
ALT:	10000
LAT:	33.733195
LONG:	-84.339066

message received
ICAO:	'a9979f'
TIME:	2019-02-09 18:58:54.116241
ALT:	10000
LAT:	33.733195
LONG:	-84.339924

message received
ICAO:	'a9979f'
TIME:	2019-02-09 18:58:55.102323
ALT:	9950
LAT:	33.733195
LONG:	-84.341354

message received
ICAO:	'a9979f'
TIME:	2019-02-09 18:58:55.596839
ALT:	9950
LAT:	33.733195
LONG:	-84.342155

message received
ICAO:	'a9979f'
TIME:	2019-02-09 18:58:57.532568
ALT:	9875
LAT:	33.7332
LONG:	-84.345068

message received
ICAO:	'a9979f'
TIME:	2019-02-09 18:58:57.949322
ALT:	9850
LAT:	33.7332
LONG:	-84.34574

message received
ICAO:	'a9979f'
TIME:	2019-02-09 18:58:58.371606
ALT:	9850
LAT:	33.7332
LONG:	-84.346357

message received
ICAO:	'a9979f'
TIME:	2019-02-09 18:58:59.502951
ALT:	9800
LAT:	33.7332
LONG:	-84.348039

message received
ICAO:	'a9979f'
TIME:	2019-02-09 18:59:00.093836
ALT:	9775
LAT:	33.733195
LONG:	-84.348965

message received
ICAO:	'a9979f'
TIME:	2019-02-09 18:59:00.575262
ALT:	9775
LAT:	33.7332
LONG:	-84.349664

message received
ICAO:	'a9979f'
TIME:	2019-02-09 18:59:00.999500
ALT:	9750
LAT:	33.733154
LONG:	-84.350337

message received
ICAO:	'a9979f'
TIME:	2019-02-09 18:59:01.510504
ALT:	9725
LAT:	33.733195
LONG:	-84.351139

message received
ICAO:	'a9979f'
TIME:	2019-02-09 18:59:02.056036
ALT:	9725
LAT:	33.733154
LONG:	-84.351962

message received
ICAO:	'a9979f'
TIME:	2019-02-09 18:59:02.574608
ALT:	9700
LAT:	33.733148
LONG:	-84.352741

message received
ICAO:	'a9979f'
TIME:	2019-02-09 18:59:03.170726
ALT:	9675
LAT:	33.733154
LONG:	-84.353644

message received
ICAO:	'a9979f'
TIME:	2019-02-09 18:59:03.628454
ALT:	9675
LAT:	33.733148
LONG:	-84.354343

message received
ICAO:	'a9979f'
TIME:	2019-02-09 18:59:04.179847
ALT:	9650
LAT:	33.733148
LONG:	-84.355202

message received
ICAO:	'a9979f'
TIME:	2019-02-09 18:59:04.696269
ALT:	9625
LAT:	33.733148
LONG:	-84.356003

message received
ICAO:	'a9979f'
TIME:	2019-02-09 18:59:05.158832
ALT:	9625
LAT:	33.733154
LONG:	-84.356671

message received
ICAO:	'a9979f'
TIME:	2019-02-09 18:59:05.671922
ALT:	9600
LAT:	33.733148
LONG:	-84.357433

message received
ICAO:	'a9979f'
TIME:	2019-02-09 18:59:06.154826
ALT:	9575
LAT:	33.733148
LONG:	-84.358177

message received
ICAO:	'a9979f'
TIME:	2019-02-09 18:59:07.075138
ALT:	9550
LAT:	33.733148
LONG:	-84.359608

message received
ICAO:	'a9979f'
TIME:	2019-02-09 18:59:07.504142
ALT:	9550
LAT:	33.733148
LONG:	-84.360237

message received
ICAO:	'a9979f'
TIME:	2019-02-09 18:59:07.999398
ALT:	9525
LAT:	33.733102
LONG:	-84.360981

message received
ICAO:	'a9979f'
TIME:	2019-02-09 18:59:08.426120
ALT:	9500
LAT:	33.733102
LONG:	-84.361668

message received
ICAO:	'a9979f'
TIME:	2019-02-09 18:59:08.998786
ALT:	9500
LAT:	33.733102
LONG:	-84.362526

message received
ICAO:	'a9979f'
TIME:	2019-02-09 18:59:09.932928
ALT:	9450
LAT:	33.733109
LONG:	-84.363958

message received
ICAO:	'a9979f'
TIME:	2019-02-09 18:59:10.338799
ALT:	9450
LAT:	33.733109
LONG:	-84.364574

message received
ICAO:	'a9979f'
TIME:	2019-02-09 18:59:10.907516
ALT:	9425
LAT:	33.733063
LONG:	-84.365471

message received
ICAO:	'a9979f'
TIME:	2019-02-09 18:59:11.401451
ALT:	9400
LAT:	33.733063
LONG:	-84.3662

message received
ICAO:	'a9979f'
TIME:	2019-02-09 18:59:11.819202
ALT:	9400
LAT:	33.733063
LONG:	-84.366816

message received
ICAO:	'a9979f'
TIME:	2019-02-09 18:59:12.304466
ALT:	9400
LAT:	33.733055
LONG:	-84.367561

message received
ICAO:	'a9979f'
TIME:	2019-02-09 18:59:12.788136
ALT:	9375
LAT:	33.733055
LONG:	-84.368305

message received
ICAO:	'a9979f'
TIME:	2019-02-09 18:59:13.325412
ALT:	9350
LAT:	33.733063
LONG:	-84.369114

message received
ICAO:	'a9979f'
TIME:	2019-02-09 18:59:13.848828
ALT:	9350
LAT:	33.733055
LONG:	-84.369907

message received
ICAO:	'a9979f'
TIME:	2019-02-09 18:59:14.391960
ALT:	9325
LAT:	33.733055
LONG:	-84.370766

message received
ICAO:	'a9979f'
TIME:	2019-02-09 18:59:14.844140
ALT:	9300
LAT:	33.733055
LONG:	-84.371452

message received
ICAO:	'a9979f'
TIME:	2019-02-09 18:59:15.411094
ALT:	9300
LAT:	33.733017
LONG:	-84.372309

message received
ICAO:	'a9979f'
TIME:	2019-02-09 18:59:15.871690
ALT:	9275
LAT:	33.733008
LONG:	-84.372997

message received
ICAO:	'a9979f'
TIME:	2019-02-09 18:59:16.279372
ALT:	9275
LAT:	33.733017
LONG:	-84.373599

message received
ICAO:	'a9979f'
TIME:	2019-02-09 18:59:16.860702
ALT:	9250
LAT:	33.733008
LONG:	-84.374485

message received
ICAO:	'a9979f'
TIME:	2019-02-09 18:59:17.417616
ALT:	9225
LAT:	33.733008
LONG:	-84.375343

message received
ICAO:	'a9979f'
TIME:	2019-02-09 18:59:18.009446
ALT:	9225
LAT:	33.733008
LONG:	-84.376259

message received
ICAO:	'a9979f'
TIME:	2019-02-09 18:59:18.482660
ALT:	9200
LAT:	33.733008
LONG:	-84.377003

message received
ICAO:	'a9979f'
TIME:	2019-02-09 18:59:19.015222
ALT:	9200
LAT:	33.732971
LONG:	-84.377803

message received
ICAO:	'a9979f'
TIME:	2019-02-09 18:59:19.440378
ALT:	9175
LAT:	33.732971
LONG:	-84.378475

message received
ICAO:	'a9979f'
TIME:	2019-02-09 18:59:19.855914
ALT:	9175
LAT:	33.732971
LONG:	-84.379092

message received
ICAO:	'a9979f'
TIME:	2019-02-09 18:59:20.354674
ALT:	9150
LAT:	33.732971
LONG:	-84.379821

message received
ICAO:	'a9979f'
TIME:	2019-02-09 18:59:20.947107
ALT:	9125
LAT:	33.732962
LONG:	-84.380722

message received
ICAO:	'a9979f'
TIME:	2019-02-09 18:59:21.482858
ALT:	9125
LAT:	33.732925
LONG:	-84.381558

message received
ICAO:	'a9979f'
TIME:	2019-02-09 18:59:22.049556
ALT:	9100
LAT:	33.732925
LONG:	-84.382399

message received
ICAO:	'a9979f'
TIME:	2019-02-09 18:59:23.030658
ALT:	9075
LAT:	33.732925
LONG:	-84.383912

message received
ICAO:	'a9979f'
TIME:	2019-02-09 18:59:23.488307
ALT:	9050
LAT:	33.732915
LONG:	-84.384613

message received
ICAO:	'a9979f'
TIME:	2019-02-09 18:59:23.923300
ALT:	9050
LAT:	33.732915
LONG:	-84.385242

message received
ICAO:	'a9979f'
TIME:	2019-02-09 18:59:24.374014
ALT:	9025
LAT:	33.732925
LONG:	-84.385986

message received
ICAO:	'a9979f'
TIME:	2019-02-09 18:59:26.136914
ALT:	8975
LAT:	33.73288
LONG:	-84.388621

message received
ICAO:	'a9979f'
TIME:	2019-02-09 18:59:26.687372
ALT:	8975
LAT:	33.73288
LONG:	-84.389462

message received
ICAO:	'a9979f'
TIME:	2019-02-09 18:59:27.127200
ALT:	8950
LAT:	33.73288
LONG:	-84.390134

message received
ICAO:	'a9979f'
TIME:	2019-02-09 18:59:27.664291
ALT:	8950
LAT:	33.73288
LONG:	-84.390975

message received
ICAO:	'a9979f'
TIME:	2019-02-09 18:59:28.068796
ALT:	8925
LAT:	33.732869
LONG:	-84.391594

message received
ICAO:	'a9979f'
TIME:	2019-02-09 18:59:28.582600
ALT:	8925
LAT:	33.73288
LONG:	-84.39232

message received
ICAO:	'a9979f'
TIME:	2019-02-09 18:59:29.180569
ALT:	8900
LAT:	33.732869
LONG:	-84.393253

message received
ICAO:	'a9979f'
TIME:	2019-02-09 18:59:29.607076
ALT:	8900
LAT:	33.732869
LONG:	-84.39394

message received
ICAO:	'a9979f'
TIME:	2019-02-09 18:59:30.033234
ALT:	8875
LAT:	33.732869
LONG:	-84.394569

message received
ICAO:	'a9979f'
TIME:	2019-02-09 18:59:32.112822
ALT:	8825
LAT:	33.732834
LONG:	-84.397701

message received
ICAO:	'a9979f'
TIME:	2019-02-09 18:59:32.516413
ALT:	8825
LAT:	33.732822
LONG:	-84.398346

message received
ICAO:	'a9979f'
TIME:	2019-02-09 18:59:33.561072
ALT:	8800
LAT:	33.732822
LONG:	-84.399891

message received
ICAO:	'a9979f'
TIME:	2019-02-09 18:59:34.119334
ALT:	8775
LAT:	33.732822
LONG:	-84.400749

message received
ICAO:	'a9979f'
TIME:	2019-02-09 18:59:36.024838
ALT:	8725
LAT:	33.732776
LONG:	-84.40361

message received
ICAO:	'a9979f'
TIME:	2019-02-09 18:59:37.061792
ALT:	8700
LAT:	33.732788
LONG:	-84.405212

message received
ICAO:	'a9979f'
TIME:	2019-02-09 18:59:37.533624
ALT:	8700
LAT:	33.732788
LONG:	-84.405941

message received
ICAO:	'a9979f'
TIME:	2019-02-09 18:59:37.949956
ALT:	8675
LAT:	33.732788
LONG:	-84.406558

message received
ICAO:	'a9979f'
TIME:	2019-02-09 18:59:38.821610
ALT:	8650
LAT:	33.732788
LONG:	-84.407847

message received
ICAO:	'a9979f'
TIME:	2019-02-09 18:59:39.287754
ALT:	8650
LAT:	33.732788
LONG:	-84.408576

message received
ICAO:	'a9979f'
TIME:	2019-02-09 18:59:39.721588
ALT:	8625
LAT:	33.732788
LONG:	-84.409248

message received
ICAO:	'a9979f'
TIME:	2019-02-09 18:59:40.236994
ALT:	8625
LAT:	33.732776
LONG:	-84.410019

message received
ICAO:	'a9979f'
TIME:	2019-02-09 18:59:41.234196
ALT:	8575
LAT:	33.732776
LONG:	-84.411507

message received
ICAO:	'a9979f'
TIME:	2019-02-09 18:59:42.309393
ALT:	8550
LAT:	33.732776
LONG:	-84.413109

message received
ICAO:	'a9979f'
TIME:	2019-02-09 18:59:42.789160
ALT:	8550
LAT:	33.732776
LONG:	-84.413853

message received
ICAO:	'a9979f'
TIME:	2019-02-09 18:59:43.332262
ALT:	8525
LAT:	33.732776
LONG:	-84.414654

message received
ICAO:	'a9979f'
TIME:	2019-02-09 18:59:43.734536
ALT:	8525
LAT:	33.732742
LONG:	-84.415246

message received
ICAO:	'a9979f'
TIME:	2019-02-09 18:59:44.679272
ALT:	8500
LAT:	33.732776
LONG:	-84.416714

message received
ICAO:	'a9979f'
TIME:	2019-02-09 18:59:45.143758
ALT:	8475
LAT:	33.732742
LONG:	-84.417432

message received
ICAO:	'a9979f'
TIME:	2019-02-09 18:59:45.594524
ALT:	8475
LAT:	33.732776
LONG:	-84.418087

message received
ICAO:	'a9979f'
TIME:	2019-02-09 18:59:46.093787
ALT:	8450
LAT:	33.732776
LONG:	-84.418831

message received
ICAO:	'a9979f'
TIME:	2019-02-09 18:59:46.624240
ALT:	8450
LAT:	33.732742
LONG:	-84.419618

message received
ICAO:	'a9979f'
TIME:	2019-02-09 18:59:47.167650
ALT:	8425
LAT:	33.732776
LONG:	-84.42049

message received
ICAO:	'a9979f'
TIME:	2019-02-09 18:59:47.595570
ALT:	8425
LAT:	33.732742
LONG:	-84.421075

message received
ICAO:	'a9979f'
TIME:	2019-02-09 18:59:48.126226
ALT:	8400
LAT:	33.732776
LONG:	-84.421921

message received
ICAO:	'a9979f'
TIME:	2019-02-09 18:59:48.705331
ALT:	8400
LAT:	33.732776
LONG:	-84.422779