message received
ICAO:	'adb2e8'
TIME:	2019-02-09 18:27:36.116216
ALT:	8575
LAT:	81567.0
LONG:	66531.0

message received
ICAO:	'adb2e8'
TIME:	2019-02-09 18:27:38.126106
ALT:	8525
LAT:	81568.0
LONG:	66478.0

message received
ICAO:	'adb2e8'
TIME:	2019-02-09 18:27:40.135984
ALT:	8475
LAT:	81568.0
LONG:	66424.0

message received
ICAO:	'adb2e8'
TIME:	2019-02-09 18:27:40.725954
ALT:	8450
LAT:	81568.0
LONG:	66408.0

message received
ICAO:	'adb2e8'
TIME:	2019-02-09 18:27:41.245930
ALT:	8450
LAT:	81569.0
LONG:	66395.0

message received
ICAO:	'adb2e8'
TIME:	2019-02-09 18:27:41.815919
ALT:	8425
LAT:	81569.0
LONG:	66379.0

message received
ICAO:	'adb2e8'
TIME:	2019-02-09 18:27:42.315894
ALT:	8400
LAT:	81569.0
LONG:	66365.0

message received
ICAO:	'adb2e8'
TIME:	2019-02-09 18:27:43.395818
ALT:	8375
LAT:	33.733939
LONG:	-84.444866

message received
ICAO:	'adb2e8'
TIME:	2019-02-09 18:27:44.505766
ALT:	8350
LAT:	33.733939
LONG:	-84.446526

message received
ICAO:	'adb2e8'
TIME:	2019-02-09 18:27:45.435713
ALT:	8325
LAT:	33.733932
LONG:	-84.447925

message received
ICAO:	'adb2e8'
TIME:	2019-02-09 18:27:45.935687
ALT:	8300
LAT:	33.733932
LONG:	-84.448709

message received
ICAO:	'adb2e8'
TIME:	2019-02-09 18:27:47.475630
ALT:	8275
LAT:	33.733939
LONG:	-84.450989

message received
ICAO:	'adb2e8'
TIME:	2019-02-09 18:27:48.475558
ALT:	8225
LAT:	33.733939
LONG:	-84.452477

message received
ICAO:	'adb2e8'
TIME:	2019-02-09 18:27:49.065546
ALT:	8225
LAT:	33.733986
LONG:	-84.453392

message received
ICAO:	'adb2e8'
TIME:	2019-02-09 18:27:49.575502
ALT:	8200
LAT:	33.733986
LONG:	-84.454136

message received
ICAO:	'adb2e8'
TIME:	2019-02-09 18:27:50.165490
ALT:	8200
LAT:	33.733986
LONG:	-84.454994

message received
ICAO:	'adb2e8'
TIME:	2019-02-09 18:27:50.605446
ALT:	8175
LAT:	33.733986
LONG:	-84.455624

message received
ICAO:	'adb2e8'
TIME:	2019-02-09 18:27:51.745393
ALT:	8150
LAT:	33.733978
LONG:	-84.457341

message received
ICAO:	'adb2e8'
TIME:	2019-02-09 18:27:52.335356
ALT:	8125
LAT:	33.733978
LONG:	-84.458238

message received
ICAO:	'adb2e8'
TIME:	2019-02-09 18:27:52.815362
ALT:	8125
LAT:	33.733978
LONG:	-84.458967

message received
ICAO:	'adb2e8'
TIME:	2019-02-09 18:27:53.845287
ALT:	8100
LAT:	33.733978
LONG:	-84.460424

message received
ICAO:	'adb2e8'
TIME:	2019-02-09 18:27:54.905232
ALT:	8050
LAT:	33.733986
LONG:	-84.461975

message received
ICAO:	'adb2e8'
TIME:	2019-02-09 18:27:55.435197
ALT:	8050
LAT:	33.733978
LONG:	-84.462835

message received
ICAO:	'adb2e8'
TIME:	2019-02-09 18:27:55.885174
ALT:	8025
LAT:	33.733986
LONG:	-84.463463

message received
ICAO:	'adb2e8'
TIME:	2019-02-09 18:27:56.445174
ALT:	8000
LAT:	33.733978
LONG:	-84.464292

message received
ICAO:	'adb2e8'
TIME:	2019-02-09 18:27:58.045064
ALT:	7950
LAT:	33.733978
LONG:	-84.466702

message received
ICAO:	'adb2e8'
TIME:	2019-02-09 18:28:00.054964
ALT:	7900
LAT:	33.733978
LONG:	-84.469617

message received
ICAO:	'adb2e8'
TIME:	2019-02-09 18:28:01.524894
ALT:	7850
LAT:	33.733978
LONG:	-84.471859

message received
ICAO:	'adb2e8'
TIME:	2019-02-09 18:28:02.084854
ALT:	7850
LAT:	33.733986
LONG:	-84.472675

message received
ICAO:	'adb2e8'
TIME:	2019-02-09 18:28:02.584836
ALT:	7825
LAT:	33.733986
LONG:	-84.473419

message received
ICAO:	'adb2e8'
TIME:	2019-02-09 18:28:03.114824
ALT:	7825
LAT:	33.734024
LONG:	-84.474213

message received
ICAO:	'adb2e8'
TIME:	2019-02-09 18:28:03.624782
ALT:	7800
LAT:	33.734024
LONG:	-84.474998

message received
ICAO:	'adb2e8'
TIME:	2019-02-09 18:28:04.644722
ALT:	7775
LAT:	33.734024
LONG:	-84.476455

message received
ICAO:	'adb2e8'
TIME:	2019-02-09 18:28:05.934656
ALT:	7750
LAT:	33.734024
LONG:	-84.478361

message received
ICAO:	'adb2e8'
TIME:	2019-02-09 18:28:06.484636
ALT:	7725
LAT:	33.733986
LONG:	-84.479198

message received
ICAO:	'adb2e8'
TIME:	2019-02-09 18:28:08.784510
ALT:	7675
LAT:	33.734033
LONG:	-84.482574

message received
ICAO:	'adb2e8'
TIME:	2019-02-09 18:28:10.754440
ALT:	7625
LAT:	33.734024
LONG:	-84.485424

message received
ICAO:	'adb2e8'
TIME:	2019-02-09 18:28:11.694362
ALT:	7600
LAT:	33.734033
LONG:	-84.486866

message received
ICAO:	'adb2e8'
TIME:	2019-02-09 18:28:12.774306
ALT:	7575
LAT:	33.734033
LONG:	-84.488468

message received
ICAO:	'adb2e8'
TIME:	2019-02-09 18:28:13.354276
ALT:	7550
LAT:	33.734024
LONG:	-84.489235

message received
ICAO:	'adb2e8'
TIME:	2019-02-09 18:28:14.444222
ALT:	7525
LAT:	33.734024
LONG:	-84.490861

message received
ICAO:	'adb2e8'
TIME:	2019-02-09 18:28:14.944205
ALT:	7525
LAT:	33.734024
LONG:	-84.49159

message received
ICAO:	'adb2e8'
TIME:	2019-02-09 18:28:15.384176
ALT:	7500
LAT:	33.734033
LONG:	-84.492245

message received
ICAO:	'adb2e8'
TIME:	2019-02-09 18:28:15.874146
ALT:	7500
LAT:	33.734033
LONG:	-84.492989

message received
ICAO:	'adb2e8'
TIME:	2019-02-09 18:28:16.404118
ALT:	7475
LAT:	33.734033
LONG:	-84.493732

message received
ICAO:	'adb2e8'
TIME:	2019-02-09 18:28:17.904044
ALT:	7450
LAT:	33.734033
LONG:	-84.495907

message received
ICAO:	'adb2e8'
TIME:	2019-02-09 18:28:18.304020
ALT:	7425
LAT:	33.734033
LONG:	-84.496479

message received
ICAO:	'adb2e8'
TIME:	2019-02-09 18:28:19.723952
ALT:	7400
LAT:	33.734024
LONG:	-84.498596

message received
ICAO:	'adb2e8'
TIME:	2019-02-09 18:28:20.193924
ALT:	7375
LAT:	33.734033
LONG:	-84.499283

message received
ICAO:	'adb2e8'
TIME:	2019-02-09 18:28:21.153885
ALT:	7350
LAT:	33.734024
LONG:	-84.50067

message received
ICAO:	'adb2e8'
TIME:	2019-02-09 18:28:22.093823
ALT:	7325
LAT:	33.734033
LONG:	-84.502029

message received
ICAO:	'adb2e8'
TIME:	2019-02-09 18:28:22.663820
ALT:	7300
LAT:	33.734033
LONG:	-84.502888

message received
ICAO:	'adb2e8'
TIME:	2019-02-09 18:28:23.623746
ALT:	7275
LAT:	33.734024
LONG:	-84.504314

message received
ICAO:	'adb2e8'
TIME:	2019-02-09 18:28:24.763712
ALT:	7225
LAT:	33.734033
LONG:	-84.505978

message received
ICAO:	'adb2e8'
TIME:	2019-02-09 18:28:25.803634
ALT:	7200
LAT:	33.734033
LONG:	-84.507408

message received
ICAO:	'adb2e8'
TIME:	2019-02-09 18:28:26.863602
ALT:	7175
LAT:	33.734033
LONG:	-84.50901

message received
ICAO:	'adb2e8'
TIME:	2019-02-09 18:28:27.913546
ALT:	7150
LAT:	33.734024
LONG:	-84.510535

message received
ICAO:	'adb2e8'
TIME:	2019-02-09 18:28:28.783482
ALT:	7100
LAT:	33.734033
LONG:	-84.511814

message received
ICAO:	'adb2e8'
TIME:	2019-02-09 18:28:32.623286
ALT:	6975
LAT:	33.734024
LONG:	-84.51743

message received
ICAO:	'adb2e8'
TIME:	2019-02-09 18:28:33.673228
ALT:	6950
LAT:	33.734033
LONG:	-84.518909

message received
ICAO:	'adb2e8'
TIME:	2019-02-09 18:28:34.683181
ALT:	6925
LAT:	33.734033
LONG:	-84.520397

message received
ICAO:	'adb2e8'
TIME:	2019-02-09 18:28:36.733072
ALT:	6850
LAT:	33.73407
LONG:	-84.523371

message received
ICAO:	'adb2e8'
TIME:	2019-02-09 18:28:37.283054
ALT:	6825
LAT:	33.734079
LONG:	-84.524174

message received
ICAO:	'adb2e8'
TIME:	2019-02-09 18:28:37.863036
ALT:	6800
LAT:	33.734079
LONG:	-84.525089

message received
ICAO:	'adb2e8'
TIME:	2019-02-09 18:28:39.842912
ALT:	6725
LAT:	33.73407
LONG:	-84.527912

message received
ICAO:	'adb2e8'
TIME:	2019-02-09 18:28:40.832862
ALT:	6700
LAT:	33.73407
LONG:	-84.529369

message received
ICAO:	'adb2e8'
TIME:	2019-02-09 18:28:41.932804
ALT:	6650
LAT:	33.73407
LONG:	-84.530995

message received
ICAO:	'adb2e8'
TIME:	2019-02-09 18:28:43.862727
ALT:	6600
LAT:	33.734079
LONG:	-84.533844

message received
ICAO:	'adb2e8'
TIME:	2019-02-09 18:28:44.402678
ALT:	6575
LAT:	33.734079
LONG:	-84.534588

message received
ICAO:	'adb2e8'
TIME:	2019-02-09 18:28:44.972648
ALT:	6575
LAT:	33.734079
LONG:	-84.535446

message received
ICAO:	'adb2e8'
TIME:	2019-02-09 18:28:45.492628
ALT:	6550
LAT:	33.734079
LONG:	-84.53619

message received
ICAO:	'adb2e8'
TIME:	2019-02-09 18:28:45.902601
ALT:	6550
LAT:	33.734079
LONG:	-84.536762

message received
ICAO:	'adb2e8'
TIME:	2019-02-09 18:28:47.572514
ALT:	6500
LAT:	33.734126
LONG:	-84.539223

message received
ICAO:	'adb2e8'
TIME:	2019-02-09 18:28:48.112508
ALT:	6475
LAT:	33.734116
LONG:	-84.540019

message received
ICAO:	'adb2e8'
TIME:	2019-02-09 18:28:49.052438
ALT:	6475
LAT:	33.734116
LONG:	-84.541308

message received
ICAO:	'adb2e8'
TIME:	2019-02-09 18:28:49.932392
ALT:	6450
LAT:	33.734161
LONG:	-84.542598

message received
ICAO:	'adb2e8'
TIME:	2019-02-09 18:28:50.912376
ALT:	6425
LAT:	33.734161
LONG:	-84.544055