Python searching for abac50
message received
ICAO:	'abac50'
TIME:	2019-02-09 19:00:23.969283
ALT:	11425
LAT:	84265.0
LONG:	70811.0

message received
ICAO:	'abac50'
TIME:	2019-02-09 19:00:25.569197
ALT:	11425
LAT:	84224.0
LONG:	70788.0

message received
ICAO:	'abac50'
TIME:	2019-02-09 19:01:22.716313
ALT:	11450
LAT:	70456.0
LONG:	100636.0

message received
ICAO:	'abac50'
TIME:	2019-02-09 19:01:30.795916
ALT:	11425
LAT:	70252.0
LONG:	100522.0

message received
ICAO:	'abac50'
TIME:	2019-02-09 19:01:36.635617
ALT:	11450
LAT:	33.772018
LONG:	-84.252749

message received
ICAO:	'abac50'
TIME:	2019-02-09 19:01:38.785509
ALT:	11450
LAT:	33.769505
LONG:	-84.254494

message received
ICAO:	'abac50'
TIME:	2019-02-09 19:01:41.235393
ALT:	11450
LAT:	33.766617
LONG:	-84.256449

message received
ICAO:	'abac50'
TIME:	2019-02-09 19:01:46.665114
ALT:	11450
LAT:	33.7603
LONG:	-84.260821

message received
ICAO:	'abac50'
TIME:	2019-02-09 19:01:55.524697
ALT:	11425
LAT:	33.749954
LONG:	-84.268108

message received
ICAO:	'abac50'
TIME:	2019-02-09 19:02:03.994245
ALT:	11425
LAT:	33.741248
LONG:	-84.276581

message received
ICAO:	'abac50'
TIME:	2019-02-09 19:02:07.034087
ALT:	11375
LAT:	33.738647
LONG:	-84.280215

message received
ICAO:	'abac50'
TIME:	2019-02-09 19:02:08.044044
ALT:	11375
LAT:	33.737869
LONG:	-84.281448

message received
ICAO:	'abac50'
TIME:	2019-02-09 19:02:09.074041
ALT:	11350
LAT:	33.737105
LONG:	-84.282818

message received
ICAO:	'abac50'
TIME:	2019-02-09 19:02:10.133937
ALT:	11325
LAT:	33.736359
LONG:	-84.284195

message received
ICAO:	'abac50'
TIME:	2019-02-09 19:02:12.193839
ALT:	11275
LAT:	33.735057
LONG:	-84.286938

message received
ICAO:	'abac50'
TIME:	2019-02-09 19:02:12.603807
ALT:	11275
LAT:	33.734824
LONG:	-84.28751

message received
ICAO:	'abac50'
TIME:	2019-02-09 19:02:14.033733
ALT:	11225
LAT:	33.73407
LONG:	-84.289576

message received
ICAO:	'abac50'
TIME:	2019-02-09 19:02:14.483711
ALT:	11225
LAT:	33.7338
LONG:	-84.290199

message received
ICAO:	'abac50'
TIME:	2019-02-09 19:02:15.413667
ALT:	11200
LAT:	33.733381
LONG:	-84.291458

message received
ICAO:	'abac50'
TIME:	2019-02-09 19:02:15.853645
ALT:	11175
LAT:	33.7332
LONG:	-84.292154

message received
ICAO:	'abac50'
TIME:	2019-02-09 19:02:16.793601
ALT:	11150
LAT:	33.732776
LONG:	-84.293518

message received
ICAO:	'abac50'
TIME:	2019-02-09 19:02:19.243517
ALT:	11050
LAT:	33.73201
LONG:	-84.297143

message received
ICAO:	'abac50'
TIME:	2019-02-09 19:02:20.323439
ALT:	11025
LAT:	33.731689
LONG:	-84.298768

message received
ICAO:	'abac50'
TIME:	2019-02-09 19:02:20.903388
ALT:	11000
LAT:	33.731565
LONG:	-84.299583

message received
ICAO:	'abac50'
TIME:	2019-02-09 19:02:22.493333
ALT:	10925
LAT:	33.731239
LONG:	-84.301987

message received
ICAO:	'abac50'
TIME:	2019-02-09 19:02:23.433271
ALT:	10900
LAT:	33.731094
LONG:	-84.303421

message received
ICAO:	'abac50'
TIME:	2019-02-09 19:02:24.923227
ALT:	10850
LAT:	33.730911
LONG:	-84.305663

message received
ICAO:	'abac50'
TIME:	2019-02-09 19:02:25.463158
ALT:	10825
LAT:	33.73082
LONG:	-84.306448

message received
ICAO:	'abac50'
TIME:	2019-02-09 19:02:26.403111
ALT:	10800
LAT:	33.730727
LONG:	-84.30788

message received
ICAO:	'abac50'
TIME:	2019-02-09 19:02:27.283067
ALT:	10750
LAT:	33.730681
LONG:	-84.309196

message received
ICAO:	'abac50'
TIME:	2019-02-09 19:02:27.753046
ALT:	10725
LAT:	33.730637
LONG:	-84.309923

message received
ICAO:	'abac50'
TIME:	2019-02-09 19:02:28.223050
ALT:	10725
LAT:	33.730591
LONG:	-84.310652

message received
ICAO:	'abac50'
TIME:	2019-02-09 19:02:28.712993
ALT:	10700
LAT:	33.730541
LONG:	-84.311314

message received
ICAO:	'abac50'
TIME:	2019-02-09 19:02:29.242975
ALT:	10675
LAT:	33.730545
LONG:	-84.312165

message received
ICAO:	'abac50'
TIME:	2019-02-09 19:02:29.652951
ALT:	10650
LAT:	33.730499
LONG:	-84.312782

message received
ICAO:	'abac50'
TIME:	2019-02-09 19:02:31.182874
ALT:	10575
LAT:	33.730448
LONG:	-84.31509

message received
ICAO:	'abac50'
TIME:	2019-02-09 19:02:31.742855
ALT:	10550
LAT:	33.730453
LONG:	-84.315977

message received
ICAO:	'abac50'
TIME:	2019-02-09 19:02:32.322833
ALT:	10525
LAT:	33.730453
LONG:	-84.316873

message received
ICAO:	'abac50'
TIME:	2019-02-09 19:02:34.422773
ALT:	10425
LAT:	33.730499
LONG:	-84.320068

message received
ICAO:	'abac50'
TIME:	2019-02-09 19:02:36.342613
ALT:	10325
LAT:	33.730545
LONG:	-84.322927

message received
ICAO:	'abac50'
TIME:	2019-02-09 19:02:36.832587
ALT:	10300
LAT:	33.730591
LONG:	-84.323712

message received
ICAO:	'abac50'
TIME:	2019-02-09 19:02:38.422563
ALT:	10225
LAT:	33.730682
LONG:	-84.326122

message received
ICAO:	'abac50'
TIME:	2019-02-09 19:02:38.832494
ALT:	10200
LAT:	33.730728
LONG:	-84.326739

message received
ICAO:	'abac50'
TIME:	2019-02-09 19:02:39.272507
ALT:	10175
LAT:	33.730727
LONG:	-84.327393

message received
ICAO:	'abac50'
TIME:	2019-02-09 19:02:41.732340
ALT:	10075
LAT:	33.730911
LONG:	-84.331167

message received
ICAO:	'abac50'
TIME:	2019-02-09 19:02:44.292219
ALT:	9950
LAT:	33.731146
LONG:	-84.33506

message received
ICAO:	'abac50'
TIME:	2019-02-09 19:02:44.842183
ALT:	9925
LAT:	33.731186
LONG:	-84.335931

message received
ICAO:	'abac50'
TIME:	2019-02-09 19:02:45.422173
ALT:	9900
LAT:	33.731232
LONG:	-84.336828

message received
ICAO:	'abac50'
TIME:	2019-02-09 19:02:46.492100
ALT:	9850
LAT:	33.731333
LONG:	-84.338436

message received
ICAO:	'abac50'
TIME:	2019-02-09 19:02:46.892089
ALT:	9850
LAT:	33.731379
LONG:	-84.339066

message received
ICAO:	'abac50'
TIME:	2019-02-09 19:02:47.402052
ALT:	9825
LAT:	33.731426
LONG:	-84.339809

message received
ICAO:	'abac50'
TIME:	2019-02-09 19:02:47.802047
ALT:	9800
LAT:	33.731426
LONG:	-84.340439

message received
ICAO:	'abac50'
TIME:	2019-02-09 19:02:48.971996
ALT:	9750
LAT:	33.731519
LONG:	-84.34227

message received
ICAO:	'abac50'
TIME:	2019-02-09 19:02:49.491949
ALT:	9725
LAT:	33.731565
LONG:	-84.343014

message received
ICAO:	'abac50'
TIME:	2019-02-09 19:02:50.401899
ALT:	9700
LAT:	33.731658
LONG:	-84.344387

message received
ICAO:	'abac50'
TIME:	2019-02-09 19:02:51.961821
ALT:	9650
LAT:	33.731781
LONG:	-84.346805

message received
ICAO:	'abac50'
TIME:	2019-02-09 19:02:52.531799
ALT:	9625
LAT:	33.731827
LONG:	-84.347702

message received
ICAO:	'abac50'
TIME:	2019-02-09 19:02:53.051771
ALT:	9600
LAT:	33.731827
LONG:	-84.348487

message received
ICAO:	'abac50'
TIME:	2019-02-09 19:02:53.461768
ALT:	9575
LAT:	33.731873
LONG:	-84.349104

message received
ICAO:	'abac50'
TIME:	2019-02-09 19:02:54.581691
ALT:	9550
LAT:	33.731938
LONG:	-84.350853

message received
ICAO:	'abac50'
TIME:	2019-02-09 19:02:55.131665
ALT:	9525
LAT:	33.73201
LONG:	-84.351682

message received
ICAO:	'abac50'
TIME:	2019-02-09 19:02:55.671661
ALT:	9500
LAT:	33.732031
LONG:	-84.352512

message received
ICAO:	'abac50'
TIME:	2019-02-09 19:02:56.151619
ALT:	9500
LAT:	33.732056
LONG:	-84.353252

message received
ICAO:	'abac50'
TIME:	2019-02-09 19:02:57.031566
ALT:	9450
LAT:	33.732101
LONG:	-84.354597

message received
ICAO:	'abac50'
TIME:	2019-02-09 19:02:57.491549
ALT:	9450
LAT:	33.732124
LONG:	-84.355259

message received
ICAO:	'abac50'
TIME:	2019-02-09 19:02:57.921553
ALT:	9425
LAT:	33.732147
LONG:	-84.355998

message received
ICAO:	'abac50'
TIME:	2019-02-09 19:02:58.471517
ALT:	9400
LAT:	33.732217
LONG:	-84.356804

message received
ICAO:	'abac50'
TIME:	2019-02-09 19:02:59.421481
ALT:	9375
LAT:	33.732239
LONG:	-84.35824

message received
ICAO:	'abac50'
TIME:	2019-02-09 19:02:59.891441
ALT:	9350
LAT:	33.732264
LONG:	-84.358978

message received
ICAO:	'abac50'
TIME:	2019-02-09 19:03:00.791394
ALT:	9325
LAT:	33.73231
LONG:	-84.360352

message received
ICAO:	'abac50'
TIME:	2019-02-09 19:03:01.301353
ALT:	9300
LAT:	33.732357
LONG:	-84.361095

message received
ICAO:	'abac50'
TIME:	2019-02-09 19:03:01.861322
ALT:	9300
LAT:	33.732376
LONG:	-84.36194

message received
ICAO:	'abac50'
TIME:	2019-02-09 19:03:02.381299
ALT:	9275
LAT:	33.732403
LONG:	-84.362755

message received
ICAO:	'abac50'
TIME:	2019-02-09 19:03:02.911279
ALT:	9250
LAT:	33.732403
LONG:	-84.363556

message received
ICAO:	'abac50'
TIME:	2019-02-09 19:03:04.421217
ALT:	9200
LAT:	33.732468
LONG:	-84.365863

message received
ICAO:	'abac50'
TIME:	2019-02-09 19:03:05.401190
ALT:	9175
LAT:	33.732496
LONG:	-84.367332

message received
ICAO:	'abac50'
TIME:	2019-02-09 19:03:05.931123
ALT:	9150
LAT:	33.732513
LONG:	-84.368162

message received
ICAO:	'abac50'
TIME:	2019-02-09 19:03:06.961067
ALT:	9100
LAT:	33.732559
LONG:	-84.369675

message received
ICAO:	'abac50'
TIME:	2019-02-09 19:03:07.491051
ALT:	9100
LAT:	33.732589
LONG:	-84.370537

message received
ICAO:	'abac50'
TIME:	2019-02-09 19:03:08.450995
ALT:	9050
LAT:	33.732605
LONG:	-84.371973

message received
ICAO:	'abac50'
TIME:	2019-02-09 19:03:08.930969
ALT:	9050
LAT:	33.732605
LONG:	-84.372702

message received
ICAO:	'abac50'
TIME:	2019-02-09 19:03:09.520961
ALT:	9025
LAT:	33.732651
LONG:	-84.373655

message received
ICAO:	'abac50'
TIME:	2019-02-09 19:03:10.100908
ALT:	9025
LAT:	33.732636
LONG:	-84.374485

message received
ICAO:	'abac50'
TIME:	2019-02-09 19:03:10.580887
ALT:	9000
LAT:	33.732683
LONG:	-84.375229

message received
ICAO:	'abac50'
TIME:	2019-02-09 19:03:11.060861
ALT:	9000
LAT:	33.732697
LONG:	-84.375897

message received
ICAO:	'abac50'
TIME:	2019-02-09 19:03:11.470864
ALT:	8975
LAT:	33.732683
LONG:	-84.376602

message received
ICAO:	'abac50'
TIME:	2019-02-09 19:03:11.890823
ALT:	8975
LAT:	33.732683
LONG:	-84.377174

message received
ICAO:	'abac50'
TIME:	2019-02-09 19:03:12.720801
ALT:	8950
LAT:	33.732742
LONG:	-84.378475

message received
ICAO:	'abac50'
TIME:	2019-02-09 19:03:13.190755
ALT:	8925
LAT:	33.732729
LONG:	-84.379177

message received
ICAO:	'abac50'
TIME:	2019-02-09 19:03:14.090712
ALT:	8900
LAT:	33.732729
LONG:	-84.380493

message received
ICAO:	'abac50'
TIME:	2019-02-09 19:03:14.510729
ALT:	8900
LAT:	33.732776
LONG:	-84.381123

message received
ICAO:	'abac50'
TIME:	2019-02-09 19:03:14.940673
ALT:	8875
LAT:	33.732788
LONG:	-84.381782

message received
ICAO:	'abac50'
TIME:	2019-02-09 19:03:15.340701
ALT:	8875
LAT:	33.732788
LONG:	-84.382399

message received
ICAO:	'abac50'
TIME:	2019-02-09 19:03:15.930626
ALT:	8850
LAT:	33.732788
LONG:	-84.383296

message received
ICAO:	'abac50'
TIME:	2019-02-09 19:03:16.510597
ALT:	8825
LAT:	33.732776
LONG:	-84.384155

message received
ICAO:	'abac50'
TIME:	2019-02-09 19:03:17.090561
ALT:	8825
LAT:	33.732822
LONG:	-84.385071

message received
ICAO:	'abac50'
TIME:	2019-02-09 19:03:17.540546
ALT:	8800
LAT:	33.732834
LONG:	-84.385706

message received
ICAO:	'abac50'
TIME:	2019-02-09 19:03:18.050515
ALT:	8800
LAT:	33.732834
LONG:	-84.386491

message received
ICAO:	'abac50'
TIME:	2019-02-09 19:03:19.090461
ALT:	8750
LAT:	33.732822
LONG:	-84.388046

message received
ICAO:	'abac50'
TIME:	2019-02-09 19:03:20.130409
ALT:	8725
LAT:	33.732834
LONG:	-84.38963

message received
ICAO:	'abac50'
TIME:	2019-02-09 19:03:20.660385
ALT:	8725
LAT:	33.73288
LONG:	-84.390414

message received
ICAO:	'abac50'
TIME:	2019-02-09 19:03:21.760339
ALT:	8675
LAT:	33.73288
LONG:	-84.39204

message received
ICAO:	'abac50'
TIME:	2019-02-09 19:03:22.220339
ALT:	8675
LAT:	33.73288
LONG:	-84.392825

message received
ICAO:	'abac50'
TIME:	2019-02-09 19:03:22.800289
ALT:	8650
LAT:	33.732869
LONG:	-84.393654

message received
ICAO:	'abac50'
TIME:	2019-02-09 19:03:23.240258
ALT:	8650
LAT:	33.73288
LONG:	-84.394282

message received
ICAO:	'abac50'
TIME:	2019-02-09 19:03:23.720263
ALT:	8625
LAT:	33.732925
LONG:	-84.395067

message received
ICAO:	'abac50'
TIME:	2019-02-09 19:03:24.140221
ALT:	8600
LAT:	33.732925
LONG:	-84.395683

message received
ICAO:	'abac50'
TIME:	2019-02-09 19:03:24.710220
ALT:	8600
LAT:	33.732915
LONG:	-84.396458

message received
ICAO:	'abac50'
TIME:	2019-02-09 19:03:25.170177
ALT:	8575
LAT:	33.732915
LONG:	-84.397259

message received
ICAO:	'abac50'
TIME:	2019-02-09 19:03:25.640138
ALT:	8550
LAT:	33.732925
LONG:	-84.397926

message received
ICAO:	'abac50'
TIME:	2019-02-09 19:03:26.120168
ALT:	8550
LAT:	33.732925
LONG:	-84.398654

message received
ICAO:	'abac50'
TIME:	2019-02-09 19:03:26.700084
ALT:	8525
LAT:	33.732962
LONG:	-84.39949

message received
ICAO:	'abac50'
TIME:	2019-02-09 19:03:27.130061
ALT:	8500
LAT:	33.732925
LONG:	-84.400168

message received
ICAO:	'abac50'
TIME:	2019-02-09 19:03:27.590055
ALT:	8475
LAT:	33.732962
LONG:	-84.400806

message received
ICAO:	'abac50'
TIME:	2019-02-09 19:03:28.170033
ALT:	8475
LAT:	33.732962
LONG:	-84.401722

message received
ICAO:	'abac50'
TIME:	2019-02-09 19:03:28.629981
ALT:	8450
LAT:	33.732971
LONG:	-84.40241

message received
ICAO:	'abac50'
TIME:	2019-02-09 19:03:29.079967
ALT:	8425
LAT:	33.732962
LONG:	-84.403095

message received
ICAO:	'abac50'
TIME:	2019-02-09 19:03:29.519964
ALT:	8425
LAT:	33.732971
LONG:	-84.403755

message received
ICAO:	'abac50'
TIME:	2019-02-09 19:03:29.999919
ALT:	8400
LAT:	33.732962
LONG:	-84.404411

message received
ICAO:	'abac50'
TIME:	2019-02-09 19:03:30.509897
ALT:	8375
LAT:	33.732962
LONG:	-84.405155

message received
ICAO:	'abac50'
TIME:	2019-02-09 19:03:31.629837
ALT:	8325
LAT:	33.732971
LONG:	-84.406894

message received
ICAO:	'abac50'
TIME:	2019-02-09 19:03:32.099817
ALT:	8325
LAT:	33.732962
LONG:	-84.407558

message received
ICAO:	'abac50'
TIME:	2019-02-09 19:03:32.999775
ALT:	8275
LAT:	33.732962
LONG:	-84.408875

message received
ICAO:	'abac50'
TIME:	2019-02-09 19:03:33.549748
ALT:	8250
LAT:	33.732971
LONG:	-84.409697

message received
ICAO:	'abac50'
TIME:	2019-02-09 19:03:35.539643
ALT:	8175
LAT:	33.733017
LONG:	-84.412723

message received
ICAO:	'abac50'
TIME:	2019-02-09 19:03:36.059627
ALT:	8150
LAT:	33.733017
LONG:	-84.413452

message received
ICAO:	'abac50'
TIME:	2019-02-09 19:03:37.059576
ALT:	8125
LAT:	33.733017
LONG:	-84.414966

message received
ICAO:	'abac50'
TIME:	2019-02-09 19:03:37.579541
ALT:	8100
LAT:	33.733008
LONG:	-84.415741

message received
ICAO:	'abac50'
TIME:	2019-02-09 19:03:38.079521
ALT:	8075
LAT:	33.733008
LONG:	-84.416485

message received
ICAO:	'abac50'
TIME:	2019-02-09 19:03:38.649486
ALT:	8050
LAT:	33.733017
LONG:	-84.41732

message received
ICAO:	'abac50'
TIME:	2019-02-09 19:03:39.149476
ALT:	8025
LAT:	33.733017
LONG:	-84.418105

message received
ICAO:	'abac50'
TIME:	2019-02-09 19:03:39.609455
ALT:	8025
LAT:	33.733008
LONG:	-84.418774

message received
ICAO:	'abac50'
TIME:	2019-02-09 19:03:40.149405
ALT:	8000
LAT:	33.733017
LONG:	-84.419562

message received
ICAO:	'abac50'
TIME:	2019-02-09 19:03:40.729389
ALT:	7975
LAT:	33.733017
LONG:	-84.420459

message received
ICAO:	'abac50'
TIME:	2019-02-09 19:03:41.659367
ALT:	7925
LAT:	33.733017
LONG:	-84.421804

message received
ICAO:	'abac50'
TIME:	2019-02-09 19:03:42.079321
ALT:	7925
LAT:	33.733008
LONG:	-84.422493

message received
ICAO:	'abac50'
TIME:	2019-02-09 19:03:42.509329
ALT:	7900
LAT:	33.733008
LONG:	-84.423065

message received
ICAO:	'abac50'
TIME:	2019-02-09 19:03:43.069281
ALT:	7875
LAT:	33.733008
LONG:	-84.423981

message received
ICAO:	'abac50'
TIME:	2019-02-09 19:03:43.639240
ALT:	7875
LAT:	33.733017
LONG:	-84.424775

message received
ICAO:	'abac50'
TIME:	2019-02-09 19:03:44.049225
ALT:	7850
LAT:	33.733017
LONG:	-84.425391

message received
ICAO:	'abac50'
TIME:	2019-02-09 19:03:44.549185
ALT:	7825
LAT:	33.733017
LONG:	-84.42612

message received
ICAO:	'abac50'
TIME:	2019-02-09 19:03:44.989173
ALT:	7800
LAT:	33.733008
LONG:	-84.426785

message received
ICAO:	'abac50'
TIME:	2019-02-09 19:03:46.559093
ALT:	7750
LAT:	33.733017
LONG:	-84.429091

message received
ICAO:	'abac50'
TIME:	2019-02-09 19:03:47.709026
ALT:	7725
LAT:	33.733008
LONG:	-84.43079

message received
ICAO:	'abac50'
TIME:	2019-02-09 19:03:48.169047
ALT:	7700
LAT:	33.733008
LONG:	-84.431534

message received
ICAO:	'abac50'
TIME:	2019-02-09 19:03:51.088878
ALT:	7575
LAT:	33.733008
LONG:	-84.435825

message received
ICAO:	'abac50'
TIME:	2019-02-09 19:03:52.018845
ALT:	7550
LAT:	33.733017
LONG:	-84.437275

message received
ICAO:	'abac50'
TIME:	2019-02-09 19:03:53.018805
ALT:	7525
LAT:	33.733017
LONG:	-84.438732

message received
ICAO:	'abac50'
TIME:	2019-02-09 19:03:54.028731
ALT:	7475
LAT:	33.732971
LONG:	-84.440189

message received
ICAO:	'abac50'
TIME:	2019-02-09 19:03:54.578691
ALT:	7475
LAT:	33.733008
LONG:	-84.441032

message received
ICAO:	'abac50'
TIME:	2019-02-09 19:03:55.018695
ALT:	7450
LAT:	33.732971
LONG:	-84.441703

message received
ICAO:	'abac50'
TIME:	2019-02-09 19:03:55.448699
ALT:	7450
LAT:	33.732971
LONG:	-84.442263