Python searching for abac50
message received, commanding mount elv: 39, az: 0
ICAO:	'abac50'
TIME:	2019-02-10 09:24:56.858302
ALT:	11450
LAT:	33.772018
LONG:	-84.252749
ELV:	39.78253708218007
AZ: 	90.9926588142198

message received, commanding mount elv: 40, az: 2
ICAO:	'abac50'
TIME:	2019-02-10 09:24:59.008194
ALT:	11450
LAT:	33.769505
LONG:	-84.254494
ELV:	40.1109453593553
AZ: 	92.21388510302886

message received, commanding mount elv: 40, az: 3
ICAO:	'abac50'
TIME:	2019-02-10 09:25:01.458078
ALT:	11450
LAT:	33.766617
LONG:	-84.256449
ELV:	40.467239066042644
AZ: 	93.65068480174824

message received, commanding mount elv: 41, az: 6
ICAO:	'abac50'
TIME:	2019-02-10 09:25:06.887799
ALT:	11450
LAT:	33.7603
LONG:	-84.260821
ELV:	41.21787911912801
AZ: 	96.92147633929817

message received, commanding mount elv: 42, az: 12
ICAO:	'abac50'
TIME:	2019-02-10 09:25:15.747382
ALT:	11425
LAT:	33.749954
LONG:	-84.268108
ELV:	42.23578050898852
AZ: 	102.64480682383378

message received, commanding mount elv: 43, az: 18
ICAO:	'abac50'
TIME:	2019-02-10 09:25:24.216930
ALT:	11425
LAT:	33.741248
LONG:	-84.276581
ELV:	43.43727806974493
AZ: 	108.09046043669652

message received, commanding mount elv: 43, az: 19
ICAO:	'abac50'
TIME:	2019-02-10 09:25:27.256772
ALT:	11375
LAT:	33.738647
LONG:	-84.280215
ELV:	43.862604598864074
AZ: 	109.97640339895979

message received, commanding mount elv: 44, az: 20
ICAO:	'abac50'
TIME:	2019-02-10 09:25:28.266729
ALT:	11375
LAT:	33.737869
LONG:	-84.281448
ELV:	44.05594779962943
AZ: 	110.57824668538781

message received, commanding mount elv: 44, az: 21
ICAO:	'abac50'
TIME:	2019-02-10 09:25:29.296726
ALT:	11350
LAT:	33.737105
LONG:	-84.282818
ELV:	44.214128299419315
AZ: 	111.2044622855726

message received, commanding mount elv: 44, az: 21
ICAO:	'abac50'
TIME:	2019-02-10 09:25:30.356622
ALT:	11325
LAT:	33.736359
LONG:	-84.284195
ELV:	44.373827913687364
AZ: 	111.83221414800711

message received, commanding mount elv: 44, az: 23
ICAO:	'abac50'
TIME:	2019-02-10 09:25:32.416524
ALT:	11275
LAT:	33.735057
LONG:	-84.286938
ELV:	44.70623009286436
AZ: 	113.01508663656402

message received, commanding mount elv: 44, az: 23
ICAO:	'abac50'
TIME:	2019-02-10 09:25:32.826492
ALT:	11275
LAT:	33.734824
LONG:	-84.28751
ELV:	44.806361864408515
AZ: 	113.2460755064001

message received, commanding mount elv: 45, az: 24
ICAO:	'abac50'
TIME:	2019-02-10 09:25:34.256418
ALT:	11225
LAT:	33.73407
LONG:	-84.289576
ELV:	45.046832668337466
AZ: 	114.04807087357844

message received, commanding mount elv: 45, az: 24
ICAO:	'abac50'
TIME:	2019-02-10 09:25:34.706396
ALT:	11225
LAT:	33.7338
LONG:	-84.290199
ELV:	45.15340330313881
AZ: 	114.31648013827034

message received, commanding mount elv: 45, az: 24
ICAO:	'abac50'
TIME:	2019-02-10 09:25:35.636352
ALT:	11200
LAT:	33.733381
LONG:	-84.291458
ELV:	45.318157092809955
AZ: 	114.7976792640277

message received, commanding mount elv: 45, az: 25
ICAO:	'abac50'
TIME:	2019-02-10 09:25:36.076330
ALT:	11175
LAT:	33.7332
LONG:	-84.292154
ELV:	45.38604306113559
AZ: 	115.0400414145609

message received, commanding mount elv: 45, az: 25
ICAO:	'abac50'
TIME:	2019-02-10 09:25:37.016286
ALT:	11150
LAT:	33.732776
LONG:	-84.293518
ELV:	45.573294317021066
AZ: 	115.55856511403465

message received, commanding mount elv: 46, az: 26
ICAO:	'abac50'
TIME:	2019-02-10 09:25:39.466202
ALT:	11050
LAT:	33.73201
LONG:	-84.297143
ELV:	46.029718888483174
AZ: 	116.78537730967692

message received, commanding mount elv: 46, az: 27
ICAO:	'abac50'
TIME:	2019-02-10 09:25:40.546124
ALT:	11025
LAT:	33.731689
LONG:	-84.298768
ELV:	46.29093626954927
AZ: 	117.34305400986483

message received, commanding mount elv: 46, az: 27
ICAO:	'abac50'
TIME:	2019-02-10 09:25:41.126073
ALT:	11000
LAT:	33.731565
LONG:	-84.299583
ELV:	46.3943158373068
AZ: 	117.60735673686588

message received, commanding mount elv: 46, az: 28
ICAO:	'abac50'
TIME:	2019-02-10 09:25:42.716018
ALT:	10925
LAT:	33.731239
LONG:	-84.301987
ELV:	46.70306459301278
AZ: 	118.38333831946262

message received, commanding mount elv: 46, az: 28
ICAO:	'abac50'
TIME:	2019-02-10 09:25:43.655956
ALT:	10900
LAT:	33.731094
LONG:	-84.303421
ELV:	46.94898830199905
AZ: 	118.83146049366466

message received, commanding mount elv: 47, az: 29
ICAO:	'abac50'
TIME:	2019-02-10 09:25:45.145912
ALT:	10850
LAT:	33.730911
LONG:	-84.305663
ELV:	47.31367421308128
AZ: 	119.52743415975097

message received, commanding mount elv: 47, az: 29
ICAO:	'abac50'
TIME:	2019-02-10 09:25:45.685843
ALT:	10825
LAT:	33.73082
LONG:	-84.306448
ELV:	47.417542455132214
AZ: 	119.7923810066491

message received, commanding mount elv: 47, az: 30
ICAO:	'abac50'
TIME:	2019-02-10 09:25:46.625796
ALT:	10800
LAT:	33.730727
LONG:	-84.30788
ELV:	47.67560473913487
AZ: 	120.2417838413146

message received, commanding mount elv: 47, az: 30
ICAO:	'abac50'
TIME:	2019-02-10 09:25:47.505752
ALT:	10750
LAT:	33.730681
LONG:	-84.309196
ELV:	47.84737994299477
AZ: 	120.64158417374513

message received, commanding mount elv: 47, az: 30
ICAO:	'abac50'
TIME:	2019-02-10 09:25:47.975731
ALT:	10725
LAT:	33.730637
LONG:	-84.309923
ELV:	47.94672580864417
AZ: 	120.87689618101341

message received, commanding mount elv: 48, az: 31
ICAO:	'abac50'
TIME:	2019-02-10 09:25:48.445735
ALT:	10725
LAT:	33.730591
LONG:	-84.310652
ELV:	48.11473443564283
AZ: 	121.11633046657741

message received, commanding mount elv: 48, az: 31
ICAO:	'abac50'
TIME:	2019-02-10 09:25:48.935678
ALT:	10700
LAT:	33.730541
LONG:	-84.311314
ELV:	48.19799107657774
AZ: 	121.34141925820295

message received, commanding mount elv: 48, az: 31
ICAO:	'abac50'
TIME:	2019-02-10 09:25:49.465660
ALT:	10675
LAT:	33.730545
LONG:	-84.312165
ELV:	48.33699518870813
AZ: 	121.5942225604046

message received, commanding mount elv: 48, az: 31
ICAO:	'abac50'
TIME:	2019-02-10 09:25:49.875636
ALT:	10650
LAT:	33.730499
LONG:	-84.312782
ELV:	48.4105555822954
AZ: 	121.80866197828689

message received, commanding mount elv: 48, az: 32
ICAO:	'abac50'
TIME:	2019-02-10 09:25:51.405559
ALT:	10575
LAT:	33.730448
LONG:	-84.31509
ELV:	48.76055897399074
AZ: 	122.55791834414387

message received, commanding mount elv: 48, az: 32
ICAO:	'abac50'
TIME:	2019-02-10 09:25:51.965540
ALT:	10550
LAT:	33.730453
LONG:	-84.315977
ELV:	48.91135082750353
AZ: 	122.83902629571254

message received, commanding mount elv: 49, az: 33
ICAO:	'abac50'
TIME:	2019-02-10 09:25:52.545518
ALT:	10525
LAT:	33.730453
LONG:	-84.316873
ELV:	49.06414089374499
AZ: 	123.13046125639546

message received, commanding mount elv: 49, az: 34
ICAO:	'abac50'
TIME:	2019-02-10 09:25:54.645458
ALT:	10425
LAT:	33.730499
LONG:	-84.320068
ELV:	49.593740820977274
AZ: 	124.1798958259262

message received, commanding mount elv: 50, az: 35
ICAO:	'abac50'
TIME:	2019-02-10 09:25:56.565298
ALT:	10325
LAT:	33.730545
LONG:	-84.322927
ELV:	50.0467103792094
AZ: 	125.16852625547607

message received, commanding mount elv: 50, az: 35
ICAO:	'abac50'
TIME:	2019-02-10 09:25:57.055272
ALT:	10300
LAT:	33.730591
LONG:	-84.323712
ELV:	50.186342821680064
AZ: 	125.42834723477688

message received, commanding mount elv: 50, az: 36
ICAO:	'abac50'
TIME:	2019-02-10 09:25:58.645248
ALT:	10225
LAT:	33.730682
LONG:	-84.326122
ELV:	50.61282067942525
AZ: 	126.28220048552382

message received, commanding mount elv: 50, az: 36
ICAO:	'abac50'
TIME:	2019-02-10 09:25:59.055179
ALT:	10200
LAT:	33.730728
LONG:	-84.326739
ELV:	50.71161811021776
AZ: 	126.49290871627596

message received, commanding mount elv: 50, az: 36
ICAO:	'abac50'
TIME:	2019-02-10 09:25:59.495192
ALT:	10175
LAT:	33.730727
LONG:	-84.327393
ELV:	50.80955048840588
AZ: 	126.75045031321262

message received, commanding mount elv: 51, az: 38
ICAO:	'abac50'
TIME:	2019-02-10 09:26:01.955025
ALT:	10075
LAT:	33.730911
LONG:	-84.331167
ELV:	51.551213398981275
AZ: 	128.17631521778017

message received, commanding mount elv: 52, az: 39
ICAO:	'abac50'
TIME:	2019-02-10 09:26:04.514904
ALT:	9950
LAT:	33.731146
LONG:	-84.33506
ELV:	52.27812721899377
AZ: 	129.73267784990406

message received, commanding mount elv: 52, az: 40
ICAO:	'abac50'
TIME:	2019-02-10 09:26:05.064868
ALT:	9925
LAT:	33.731186
LONG:	-84.335931
ELV:	52.44755758313106
AZ: 	130.10605340064154

message received, commanding mount elv: 52, az: 40
ICAO:	'abac50'
TIME:	2019-02-10 09:26:05.644858
ALT:	9900
LAT:	33.731232
LONG:	-84.336828
ELV:	52.62596004451501
AZ: 	130.49425228585383

message received, commanding mount elv: 52, az: 41
ICAO:	'abac50'
TIME:	2019-02-10 09:26:06.714785
ALT:	9850
LAT:	33.731333
LONG:	-84.338436
ELV:	52.937176812820596
AZ: 	131.19582406482417

message received, commanding mount elv: 53, az: 41
ICAO:	'abac50'
TIME:	2019-02-10 09:26:07.114774
ALT:	9850
LAT:	33.731379
LONG:	-84.339066
ELV:	53.117748371774994
AZ: 	131.47243856316686

message received, commanding mount elv: 53, az: 41
ICAO:	'abac50'
TIME:	2019-02-10 09:26:07.624737
ALT:	9825
LAT:	33.731426
LONG:	-84.339809
ELV:	53.257055230265294
AZ: 	131.80865207619595

message received, commanding mount elv: 53, az: 42
ICAO:	'abac50'
TIME:	2019-02-10 09:26:08.024732
ALT:	9800
LAT:	33.731426
LONG:	-84.340439
ELV:	53.352959172576504
AZ: 	132.12441599482247

message received, commanding mount elv: 53, az: 43
ICAO:	'abac50'
TIME:	2019-02-10 09:26:09.194681
ALT:	9750
LAT:	33.731519
LONG:	-84.34227
ELV:	53.72420267215477
AZ: 	133.00178267179777

message received, commanding mount elv: 53, az: 43
ICAO:	'abac50'
TIME:	2019-02-10 09:26:09.714634
ALT:	9725
LAT:	33.731565
LONG:	-84.343014
ELV:	53.86423961167652
AZ: 	133.36241872239603

message received, commanding mount elv: 54, az: 44
ICAO:	'abac50'
TIME:	2019-02-10 09:26:10.624584
ALT:	9700
LAT:	33.731658
LONG:	-84.344387
ELV:	54.18664054539998
AZ: 	134.03699826892552

message received, commanding mount elv: 54, az: 45
ICAO:	'abac50'
TIME:	2019-02-10 09:26:12.184506
ALT:	9650
LAT:	33.731781
LONG:	-84.346805
ELV:	54.72504318192925
AZ: 	135.30131137190256

message received, commanding mount elv: 54, az: 45
ICAO:	'abac50'
TIME:	2019-02-10 09:26:12.754484
ALT:	9625
LAT:	33.731827
LONG:	-84.347702
ELV:	54.90610682765919
AZ: 	135.7866369290617

message received, commanding mount elv: 55, az: 46
ICAO:	'abac50'
TIME:	2019-02-10 09:26:13.274456
ALT:	9600
LAT:	33.731827
LONG:	-84.348487
ELV:	55.042080441491954
AZ: 	136.24612255707308

message received, commanding mount elv: 55, az: 46
ICAO:	'abac50'
TIME:	2019-02-10 09:26:13.684453
ALT:	9575
LAT:	33.731873
LONG:	-84.349104
ELV:	55.14843657599744
AZ: 	136.58135036986764

message received, commanding mount elv: 55, az: 47
ICAO:	'abac50'
TIME:	2019-02-10 09:26:14.804376
ALT:	9550
LAT:	33.731938
LONG:	-84.350853
ELV:	55.5596305783842
AZ: 	137.59943140024782

message received, commanding mount elv: 55, az: 48
ICAO:	'abac50'
TIME:	2019-02-10 09:26:15.354350
ALT:	9525
LAT:	33.73201
LONG:	-84.351682
ELV:	55.73012484184148
AZ: 	138.0674404210869

message received, commanding mount elv: 55, az: 48
ICAO:	'abac50'
TIME:	2019-02-10 09:26:15.894346
ALT:	9500
LAT:	33.732031
LONG:	-84.352512
ELV:	55.88263118618267
AZ: 	138.57901855651937

message received, commanding mount elv: 56, az: 49
ICAO:	'abac50'
TIME:	2019-02-10 09:26:16.374304
ALT:	9500
LAT:	33.732056
LONG:	-84.353252
ELV:	56.08449995998026
AZ: 	139.0378052197938

message received, commanding mount elv: 56, az: 49
ICAO:	'abac50'
TIME:	2019-02-10 09:26:17.254251
ALT:	9450
LAT:	33.732101
LONG:	-84.354597
ELV:	56.305392513935544
AZ: 	139.8909385993705

message received, commanding mount elv: 56, az: 50
ICAO:	'abac50'
TIME:	2019-02-10 09:26:17.714234
ALT:	9450
LAT:	33.732124
LONG:	-84.355259
ELV:	56.484531504161836
AZ: 	140.31850573269983

message received, commanding mount elv: 56, az: 50
ICAO:	'abac50'
TIME:	2019-02-10 09:26:18.144238
ALT:	9425
LAT:	33.732147
LONG:	-84.355998
ELV:	56.61068987959234
AZ: 	140.80494086251

message received, commanding mount elv: 56, az: 51
ICAO:	'abac50'
TIME:	2019-02-10 09:26:18.694202
ALT:	9400
LAT:	33.732217
LONG:	-84.356804
ELV:	56.77089525849297
AZ: 	141.31397178602748

message received, commanding mount elv: 57, az: 52
ICAO:	'abac50'
TIME:	2019-02-10 09:26:19.644166
ALT:	9375
LAT:	33.732239
LONG:	-84.35824
ELV:	57.070981269179654
AZ: 	142.3109148594774

message received, commanding mount elv: 57, az: 52
ICAO:	'abac50'
TIME:	2019-02-10 09:26:20.114126
ALT:	9350
LAT:	33.732264
LONG:	-84.358978
ELV:	57.19390034454433
AZ: 	142.8255760223807

message received, commanding mount elv: 57, az: 53
ICAO:	'abac50'
TIME:	2019-02-10 09:26:21.014079
ALT:	9325
LAT:	33.73231
LONG:	-84.360352
ELV:	57.48152870119057
AZ: 	143.8043301522343

message received, commanding mount elv: 57, az: 54
ICAO:	'abac50'
TIME:	2019-02-10 09:26:21.524038
ALT:	9300
LAT:	33.732357
LONG:	-84.361095
ELV:	57.611266104560606
AZ: 	144.33080475722412

message received, commanding mount elv: 57, az: 54
ICAO:	'abac50'
TIME:	2019-02-10 09:26:22.084007
ALT:	9300
LAT:	33.732376
LONG:	-84.36194
ELV:	57.8248999029504
AZ: 	144.96120003947343

message received, commanding mount elv: 57, az: 55
ICAO:	'abac50'
TIME:	2019-02-10 09:26:22.603984
ALT:	9275
LAT:	33.732403
LONG:	-84.362755
ELV:	57.96091373686059
AZ: 	145.5740255082161

message received, commanding mount elv: 58, az: 56
ICAO:	'abac50'
TIME:	2019-02-10 09:26:23.133964
ALT:	9250
LAT:	33.732403
LONG:	-84.363556
ELV:	58.08031315108019
AZ: 	146.20276843640366

message received, commanding mount elv: 58, az: 58
ICAO:	'abac50'
TIME:	2019-02-10 09:26:24.643902
ALT:	9200
LAT:	33.732468
LONG:	-84.365863
ELV:	58.50337167435269
AZ: 	148.02565718169677

message received, commanding mount elv: 58, az: 59
ICAO:	'abac50'
TIME:	2019-02-10 09:26:25.623875
ALT:	9175
LAT:	33.732496
LONG:	-84.367332
ELV:	58.776744012837455
AZ: 	149.23658474158907

message received, commanding mount elv: 58, az: 59
ICAO:	'abac50'
TIME:	2019-02-10 09:26:26.153808
ALT:	9150
LAT:	33.732513
LONG:	-84.368162
ELV:	58.89686888049
AZ: 	149.93476751743768

message received, commanding mount elv: 59, az: 61
ICAO:	'abac50'
TIME:	2019-02-10 09:26:27.183752
ALT:	9100
LAT:	33.732559
LONG:	-84.369675
ELV:	59.10267026306323
AZ: 	151.22597907832073

message received, commanding mount elv: 59, az: 61
ICAO:	'abac50'
TIME:	2019-02-10 09:26:27.713736
ALT:	9100
LAT:	33.732589
LONG:	-84.370537
ELV:	59.29886646171595
AZ: 	151.97492121540986

message received, commanding mount elv: 59, az: 63
ICAO:	'abac50'
TIME:	2019-02-10 09:26:28.673680
ALT:	9050
LAT:	33.732605
LONG:	-84.371973
ELV:	59.458743134278784
AZ: 	153.26802103569878

message received, commanding mount elv: 59, az: 63
ICAO:	'abac50'
TIME:	2019-02-10 09:26:29.153654
ALT:	9050
LAT:	33.732605
LONG:	-84.372702
ELV:	59.6045671069984
AZ: 	153.94037630491735

message received, commanding mount elv: 59, az: 64
ICAO:	'abac50'
TIME:	2019-02-10 09:26:29.743646
ALT:	9025
LAT:	33.732651
LONG:	-84.373655
ELV:	59.741774564786056
AZ: 	154.8070811406944

message received, commanding mount elv: 59, az: 65
ICAO:	'abac50'
TIME:	2019-02-10 09:26:30.323593
ALT:	9025
LAT:	33.732636
LONG:	-84.374485
ELV:	59.89237132668303
AZ: 	155.60190044009454

message received, commanding mount elv: 59, az: 66
ICAO:	'abac50'
TIME:	2019-02-10 09:26:30.803572
ALT:	9000
LAT:	33.732683
LONG:	-84.375229
ELV:	59.982614188664336
AZ: 	156.29221174357832

message received, commanding mount elv: 60, az: 66
ICAO:	'abac50'
TIME:	2019-02-10 09:26:31.283546
ALT:	9000
LAT:	33.732697
LONG:	-84.375897
ELV:	60.110885701260955
AZ: 	156.93332841787776

message received, commanding mount elv: 60, az: 67
ICAO:	'abac50'
TIME:	2019-02-10 09:26:31.693549
ALT:	8975
LAT:	33.732683
LONG:	-84.376602
ELV:	60.15748306970501
AZ: 	157.6314102284043

message received, commanding mount elv: 60, az: 68
ICAO:	'abac50'
TIME:	2019-02-10 09:26:32.113508
ALT:	8975
LAT:	33.732683
LONG:	-84.377174
ELV:	60.25642536555698
AZ: 	158.19696372414452

message received, commanding mount elv: 60, az: 69
ICAO:	'abac50'
TIME:	2019-02-10 09:26:32.943486
ALT:	8950
LAT:	33.732742
LONG:	-84.378475
ELV:	60.43269825442182
AZ: 	159.4735783436587

message received, commanding mount elv: 60, az: 70
ICAO:	'abac50'
TIME:	2019-02-10 09:26:33.413440
ALT:	8925
LAT:	33.732729
LONG:	-84.379177
ELV:	60.46711444477657
AZ: 	160.19284400542352

message received, commanding mount elv: 60, az: 71
ICAO:	'abac50'
TIME:	2019-02-10 09:26:34.313397
ALT:	8900
LAT:	33.732729
LONG:	-84.380493
ELV:	60.596993458138016
AZ: 	161.54712592084803

message received, commanding mount elv: 60, az: 72
ICAO:	'abac50'
TIME:	2019-02-10 09:26:34.733414
ALT:	8900
LAT:	33.732776
LONG:	-84.381123
ELV:	60.71378990001158
AZ: 	162.1841616735645

message received, commanding mount elv: 60, az: 72
ICAO:	'abac50'
TIME:	2019-02-10 09:26:35.163358
ALT:	8875
LAT:	33.732788
LONG:	-84.381782
ELV:	60.74193337772291
AZ: 	162.871710663827

message received, commanding mount elv: 60, az: 73
ICAO:	'abac50'
TIME:	2019-02-10 09:26:35.563386
ALT:	8875
LAT:	33.732788
LONG:	-84.382399
ELV:	60.82588528268462
AZ: 	163.52440144351888

message received, commanding mount elv: 60, az: 74
ICAO:	'abac50'
TIME:	2019-02-10 09:26:36.153311
ALT:	8850
LAT:	33.732788
LONG:	-84.383296
ELV:	60.87135837230994
AZ: 	164.48139339018508

message received, commanding mount elv: 60, az: 75
ICAO:	'abac50'
TIME:	2019-02-10 09:26:36.733282
ALT:	8825
LAT:	33.732776
LONG:	-84.384155
ELV:	60.89912563918402
AZ: 	165.41025930351344

message received, commanding mount elv: 61, az: 76
ICAO:	'abac50'
TIME:	2019-02-10 09:26:37.313246
ALT:	8825
LAT:	33.732822
LONG:	-84.385071
ELV:	61.03048826723044
AZ: 	166.3900284169792

message received, commanding mount elv: 61, az: 77
ICAO:	'abac50'
TIME:	2019-02-10 09:26:37.763231
ALT:	8800
LAT:	33.732834
LONG:	-84.385706
ELV:	61.03521117504936
AZ: 	167.08155394057255

message received, commanding mount elv: 61, az: 77
ICAO:	'abac50'
TIME:	2019-02-10 09:26:38.273200
ALT:	8800
LAT:	33.732834
LONG:	-84.386491
ELV:	61.116257883107494
AZ: 	167.94620304193563

message received, commanding mount elv: 61, az: 79
ICAO:	'abac50'
TIME:	2019-02-10 09:26:39.313146
ALT:	8750
LAT:	33.732822
LONG:	-84.388046
ELV:	61.11105574706515
AZ: 	169.67845015084785

message received, commanding mount elv: 61, az: 81
ICAO:	'abac50'
TIME:	2019-02-10 09:26:40.353094
ALT:	8725
LAT:	33.732834
LONG:	-84.38963
ELV:	61.17110619556641
AZ: 	171.45656260364527

message received, commanding mount elv: 61, az: 82
ICAO:	'abac50'
TIME:	2019-02-10 09:26:40.883070
ALT:	8725
LAT:	33.73288
LONG:	-84.390414
ELV:	61.25078223920268
AZ: 	172.3360058928826

message received, commanding mount elv: 61, az: 84
ICAO:	'abac50'
TIME:	2019-02-10 09:26:41.983024
ALT:	8675
LAT:	33.73288
LONG:	-84.39204
ELV:	61.199212071350026
AZ: 	174.19093903445514

message received, commanding mount elv: 61, az: 85
ICAO:	'abac50'
TIME:	2019-02-10 09:26:42.443024
ALT:	8675
LAT:	33.73288
LONG:	-84.392825
ELV:	61.23483927130526
AZ: 	175.09097271267748

message received, commanding mount elv: 61, az: 86
ICAO:	'abac50'
TIME:	2019-02-10 09:26:43.022974
ALT:	8650
LAT:	33.732869
LONG:	-84.393654
ELV:	61.18728372399653
AZ: 	176.045200461227

message received, commanding mount elv: 61, az: 86
ICAO:	'abac50'
TIME:	2019-02-10 09:26:43.462943
ALT:	8650
LAT:	33.73288
LONG:	-84.394282
ELV:	61.21285591276265
AZ: 	176.767652605711

message received, commanding mount elv: 61, az: 87
ICAO:	'abac50'
TIME:	2019-02-10 09:26:43.942948
ALT:	8625
LAT:	33.732925
LONG:	-84.395067
ELV:	61.185070720063194
AZ: 	177.67096288010168

message received, commanding mount elv: 61, az: 88
ICAO:	'abac50'
TIME:	2019-02-10 09:26:44.362906
ALT:	8600
LAT:	33.732925
LONG:	-84.395683
ELV:	61.12256520776878
AZ: 	178.38338126567086

message received, commanding mount elv: 61, az: 89
ICAO:	'abac50'
TIME:	2019-02-10 09:26:44.932905
ALT:	8600
LAT:	33.732915
LONG:	-84.396458
ELV:	61.1244479803248
AZ: 	179.28049474508236

message received, commanding mount elv: 61, az: 90
ICAO:	'abac50'
TIME:	2019-02-10 09:26:45.392862
ALT:	8575
LAT:	33.732915
LONG:	-84.397259
ELV:	61.05300246644516
AZ: 	180.20766294394699

message received, commanding mount elv: 60, az: 90
ICAO:	'abac50'
TIME:	2019-02-10 09:26:45.862823
ALT:	8550
LAT:	33.732925
LONG:	-84.397926
ELV:	60.98194336108225
AZ: 	180.97987228714314

message received, commanding mount elv: 60, az: 91
ICAO:	'abac50'
TIME:	2019-02-10 09:26:46.342853
ALT:	8550
LAT:	33.732925
LONG:	-84.398654
ELV:	60.97320368280327
AZ: 	181.82223698011214

message received, commanding mount elv: 60, az: 92
ICAO:	'abac50'
TIME:	2019-02-10 09:26:46.922769
ALT:	8525
LAT:	33.732962
LONG:	-84.39949
ELV:	60.9045061043099
AZ: 	182.79102100639946

message received, commanding mount elv: 60, az: 93
ICAO:	'abac50'
TIME:	2019-02-10 09:26:47.352746
ALT:	8500
LAT:	33.732925
LONG:	-84.400168
ELV:	60.79002095335978
AZ: 	183.5710226370043

message received, commanding mount elv: 60, az: 94
ICAO:	'abac50'
TIME:	2019-02-10 09:26:47.812740
ALT:	8475
LAT:	33.732962
LONG:	-84.400806
ELV:	60.715534186110666
AZ: 	184.3099540094448

message received, commanding mount elv: 60, az: 95
ICAO:	'abac50'
TIME:	2019-02-10 09:26:48.392718
ALT:	8475
LAT:	33.732962
LONG:	-84.401722
ELV:	60.67747343580747
AZ: 	185.36382936245357

message received, commanding mount elv: 60, az: 96
ICAO:	'abac50'
TIME:	2019-02-10 09:26:48.852666
ALT:	8450
LAT:	33.732971
LONG:	-84.40241
ELV:	60.57367151867949
AZ: 	186.15426729475868

message received, commanding mount elv: 60, az: 96
ICAO:	'abac50'
TIME:	2019-02-10 09:26:49.302652
ALT:	8425
LAT:	33.732962
LONG:	-84.403095
ELV:	60.454426969225565
AZ: 	186.93625913072515

message received, commanding mount elv: 60, az: 97
ICAO:	'abac50'
TIME:	2019-02-10 09:26:49.742649
ALT:	8425
LAT:	33.732971
LONG:	-84.403755
ELV:	60.418249512306275
AZ: 	187.6902939073681

message received, commanding mount elv: 60, az: 98
ICAO:	'abac50'
TIME:	2019-02-10 09:26:50.222604
ALT:	8400
LAT:	33.732962
LONG:	-84.404411
ELV:	60.291682025461874
AZ: 	188.43368819427113

message received, commanding mount elv: 60, az: 99
ICAO:	'abac50'
TIME:	2019-02-10 09:26:50.732582
ALT:	8375
LAT:	33.732962
LONG:	-84.405155
ELV:	60.15879755144882
AZ: 	189.27519960557987

message received, commanding mount elv: 59, az: 101
ICAO:	'abac50'
TIME:	2019-02-10 09:26:51.852522
ALT:	8325
LAT:	33.732971
LONG:	-84.406894
ELV:	59.85711335181699
AZ: 	191.22823221923016

message received, commanding mount elv: 59, az: 101
ICAO:	'abac50'
TIME:	2019-02-10 09:26:52.322502
ALT:	8325
LAT:	33.732962
LONG:	-84.407558
ELV:	59.78607776085046
AZ: 	191.96413532751274

message received, commanding mount elv: 59, az: 103
ICAO:	'abac50'
TIME:	2019-02-10 09:26:53.222460
ALT:	8275
LAT:	33.732962
LONG:	-84.408875
ELV:	59.48723757176925
AZ: 	193.41598568694687

message received, commanding mount elv: 59, az: 104
ICAO:	'abac50'
TIME:	2019-02-10 09:26:53.772433
ALT:	8250
LAT:	33.732971
LONG:	-84.409697
ELV:	59.31646197209197
AZ: 	194.31646367781437

message received, commanding mount elv: 58, az: 107
ICAO:	'abac50'
TIME:	2019-02-10 09:26:55.762328
ALT:	8175
LAT:	33.733017
LONG:	-84.412723
ELV:	58.693652095847796
AZ: 	197.57542611832778

message received, commanding mount elv: 58, az: 108
ICAO:	'abac50'
TIME:	2019-02-10 09:26:56.282312
ALT:	8150
LAT:	33.733017
LONG:	-84.413452
ELV:	58.502333792575044
AZ: 	198.34049362872085

message received, commanding mount elv: 58, az: 109
ICAO:	'abac50'
TIME:	2019-02-10 09:26:57.282261
ALT:	8125
LAT:	33.733017
LONG:	-84.414966
ELV:	58.17782007434195
AZ: 	199.90802026368095

message received, commanding mount elv: 57, az: 110
ICAO:	'abac50'
TIME:	2019-02-10 09:26:57.802226
ALT:	8100
LAT:	33.733008
LONG:	-84.415741
ELV:	57.959316933038245
AZ: 	200.6944261039602

message received, commanding mount elv: 57, az: 111
ICAO:	'abac50'
TIME:	2019-02-10 09:26:58.302206
ALT:	8075
LAT:	33.733008
LONG:	-84.416485
ELV:	57.746068641588664
AZ: 	201.4455145550215

message received, commanding mount elv: 57, az: 112
ICAO:	'abac50'
TIME:	2019-02-10 09:26:58.872171
ALT:	8050
LAT:	33.733017
LONG:	-84.41732
ELV:	57.51615751362673
AZ: 	202.28374649459624

message received, commanding mount elv: 57, az: 113
ICAO:	'abac50'
TIME:	2019-02-10 09:26:59.372161
ALT:	8025
LAT:	33.733017
LONG:	-84.418105
ELV:	57.28517536935075
AZ: 	203.05878764002867

message received, commanding mount elv: 57, az: 113
ICAO:	'abac50'
TIME:	2019-02-10 09:26:59.832140
ALT:	8025
LAT:	33.733008
LONG:	-84.418774
ELV:	57.15171166692722
AZ: 	203.708032016993

message received, commanding mount elv: 56, az: 114
ICAO:	'abac50'
TIME:	2019-02-10 09:27:00.372090
ALT:	8000
LAT:	33.733017
LONG:	-84.419562
ELV:	56.91623233393838
AZ: 	204.4740898451288

message received, commanding mount elv: 56, az: 115
ICAO:	'abac50'
TIME:	2019-02-10 09:27:00.952074
ALT:	7975
LAT:	33.733017
LONG:	-84.420459
ELV:	56.6487658919275
AZ: 	205.32982616956684

message received, commanding mount elv: 56, az: 116
ICAO:	'abac50'
TIME:	2019-02-10 09:27:01.882052
ALT:	7925
LAT:	33.733017
LONG:	-84.421804
ELV:	56.19340092847377
AZ: 	206.5903365033655

message received, commanding mount elv: 56, az: 117
ICAO:	'abac50'
TIME:	2019-02-10 09:27:02.302006
ALT:	7925
LAT:	33.733008
LONG:	-84.422493
ELV:	56.039549536342555
AZ: 	207.2208527299615

message received, commanding mount elv: 55, az: 117
ICAO:	'abac50'
TIME:	2019-02-10 09:27:02.732014
ALT:	7900
LAT:	33.733008
LONG:	-84.423065
ELV:	55.8262948789258
AZ: 	207.74261064317628

message received, commanding mount elv: 55, az: 118
ICAO:	'abac50'
TIME:	2019-02-10 09:27:03.291966
ALT:	7875
LAT:	33.733008
LONG:	-84.423981
ELV:	55.53267160282938
AZ: 	208.56805349428018

message received, commanding mount elv: 55, az: 119
ICAO:	'abac50'
TIME:	2019-02-10 09:27:03.861925
ALT:	7875
LAT:	33.733017
LONG:	-84.424775
ELV:	55.35501597017848
AZ: 	209.27891463812702

message received, commanding mount elv: 55, az: 119
ICAO:	'abac50'
TIME:	2019-02-10 09:27:04.271910
ALT:	7850
LAT:	33.733017
LONG:	-84.425391
ELV:	55.12279846368778
AZ: 	209.81931368035697

message received, commanding mount elv: 54, az: 120
ICAO:	'abac50'
TIME:	2019-02-10 09:27:04.771870
ALT:	7825
LAT:	33.733017
LONG:	-84.42612
ELV:	54.8610756556431
AZ: 	210.45143807119666

message received, commanding mount elv: 54, az: 121
ICAO:	'abac50'
TIME:	2019-02-10 09:27:05.211858
ALT:	7800
LAT:	33.733008
LONG:	-84.426785
ELV:	54.607237555171075
AZ: 	211.01544359030967

message received, commanding mount elv: 53, az: 122
ICAO:	'abac50'
TIME:	2019-02-10 09:27:06.781778
ALT:	7750
LAT:	33.733017
LONG:	-84.429091
ELV:	53.860185747195025
AZ: 	212.94439073320885

message received, commanding mount elv: 53, az: 124
ICAO:	'abac50'
TIME:	2019-02-10 09:27:07.931711
ALT:	7725
LAT:	33.733008
LONG:	-84.43079
ELV:	53.330181492555944
AZ: 	214.30453832021172

message received, commanding mount elv: 53, az: 124
ICAO:	'abac50'
TIME:	2019-02-10 09:27:08.391732
ALT:	7700
LAT:	33.733008
LONG:	-84.431534
ELV:	53.04415770128114
AZ: 	214.88881344232237

message received, commanding mount elv: 51, az: 128
ICAO:	'abac50'
TIME:	2019-02-10 09:27:11.311563
ALT:	7575
LAT:	33.733008
LONG:	-84.435825
ELV:	51.420975264480205
AZ: 	218.10079384640494

message received, commanding mount elv: 50, az: 129
ICAO:	'abac50'
TIME:	2019-02-10 09:27:12.241530
ALT:	7550
LAT:	33.733017
LONG:	-84.437275
ELV:	50.927970272947896
AZ: 	219.13318222335414

message received, commanding mount elv: 50, az: 130
ICAO:	'abac50'
TIME:	2019-02-10 09:27:13.241490
ALT:	7525
LAT:	33.733017
LONG:	-84.438732
ELV:	50.424120499367945
AZ: 	220.13518912716896

message received, commanding mount elv: 49, az: 131
ICAO:	'abac50'
TIME:	2019-02-10 09:27:14.251416
ALT:	7475
LAT:	33.732971
LONG:	-84.440189
ELV:	49.79998875063333
AZ: 	221.07642255040102

message received, commanding mount elv: 49, az: 131
ICAO:	'abac50'
TIME:	2019-02-10 09:27:14.801376
ALT:	7475
LAT:	33.733008
LONG:	-84.441032
ELV:	49.575084876764656
AZ: 	221.652398181444

message received, commanding mount elv: 49, az: 132
ICAO:	'abac50'
TIME:	2019-02-10 09:27:15.241380
ALT:	7450
LAT:	33.732971
LONG:	-84.441703
ELV:	49.27146718271262
AZ: 	222.05802010023635

message received, commanding mount elv: 49, az: 132
ICAO:	'abac50'
TIME:	2019-02-10 09:27:15.671384
ALT:	7450
LAT:	33.732971
LONG:	-84.442263
ELV:	49.11170478561247
AZ: 	222.4137746232373

message received, commanding mount elv: 48, az: 132
ICAO:	'abac50'
TIME:	2019-02-10 09:27:16.261306
ALT:	7425
LAT:	33.732971
LONG:	-84.44316
ELV:	48.75595332217032
AZ: 	222.97484783647553

message received, commanding mount elv: 48, az: 133
ICAO:	'abac50'
TIME:	2019-02-10 09:27:16.851278
ALT:	7400
LAT:	33.732971
LONG:	-84.444057
ELV:	48.39891804623778
AZ: 	223.52586152537037

message received, commanding mount elv: 46, az: 136
ICAO:	'abac50'
TIME:	2019-02-10 09:27:20.631102
ALT:	7300
LAT:	33.732962
LONG:	-84.449615
ELV:	46.388654335401185
AZ: 	226.72097819273958

message received, commanding mount elv: 44, az: 139
ICAO:	'abac50'
TIME:	2019-02-10 09:27:24.600884
ALT:	7175
LAT:	33.733008
LONG:	-84.455509
ELV:	44.192197430475574
AZ: 	229.77720401921624

message received, commanding mount elv: 43, az: 140
ICAO:	'abac50'
TIME:	2019-02-10 09:27:25.190886
ALT:	7150
LAT:	33.733008
LONG:	-84.456367
ELV:	43.84325502196281
AZ: 	230.1883196770465

message received, commanding mount elv: 43, az: 140
ICAO:	'abac50'
TIME:	2019-02-10 09:27:25.700830
ALT:	7150
LAT:	33.733008
LONG:	-84.457111
ELV:	43.6314280606765
AZ: 	230.53958366765653

message received, commanding mount elv: 43, az: 141
ICAO:	'abac50'
TIME:	2019-02-10 09:27:26.730796
ALT:	7125
LAT:	33.733008
LONG:	-84.458599
ELV:	43.1053334097575
AZ: 	231.22628852763242

message received, commanding mount elv: 42, az: 141
ICAO:	'abac50'
TIME:	2019-02-10 09:27:27.870738
ALT:	7100
LAT:	33.733017
LONG:	-84.460312
ELV:	42.520892022694994
AZ: 	231.9983787728899

message received, commanding mount elv: 42, az: 142
ICAO:	'abac50'
TIME:	2019-02-10 09:27:28.460694
ALT:	7075
LAT:	33.733017
LONG:	-84.461153
ELV:	42.180788642786865
AZ: 	232.36487621023983

message received, commanding mount elv: 41, az: 143
ICAO:	'abac50'
TIME:	2019-02-10 09:27:29.480640
ALT:	7050
LAT:	33.733017
LONG:	-84.462666
ELV:	41.65499933408295
AZ: 	233.00961126449255

message received, commanding mount elv: 40, az: 143
ICAO:	'abac50'
TIME:	2019-02-10 09:27:31.030576
ALT:	7000
LAT:	33.733055
LONG:	-84.464951
ELV:	40.824862059141516
AZ: 	233.97297577486853

message received, commanding mount elv: 40, az: 144
ICAO:	'abac50'
TIME:	2019-02-10 09:27:32.010538
ALT:	6975
LAT:	33.733055
LONG:	-84.466438
ELV:	40.31479215184118
AZ: 	234.56171471584412

message received, commanding mount elv: 39, az: 145
ICAO:	'abac50'
TIME:	2019-02-10 09:27:34.170430
ALT:	6925
LAT:	33.733063
LONG:	-84.469617
ELV:	39.25395816109073
AZ: 	235.77094701929974

message received, commanding mount elv: 39, az: 146
ICAO:	'abac50'
TIME:	2019-02-10 09:27:34.720422
ALT:	6925
LAT:	33.733055
LONG:	-84.470444
ELV:	39.03386725801364
AZ: 	236.0675631414947

message received, commanding mount elv: 36, az: 148
ICAO:	'abac50'
TIME:	2019-02-10 09:27:40.190138
ALT:	6800
LAT:	33.733102
LONG:	-84.478569
ELV:	36.44529874148431
AZ: 	238.82610088948002

message received, commanding mount elv: 35, az: 150
ICAO:	'abac50'
TIME:	2019-02-10 09:27:43.060000
ALT:	6775
LAT:	33.733063
LONG:	-84.482789
ELV:	35.314003153132475
AZ: 	240.06986444391762

message received, commanding mount elv: 34, az: 150
ICAO:	'abac50'
TIME:	2019-02-10 09:27:43.999920
ALT:	6750
LAT:	33.733055
LONG:	-84.484177
ELV:	34.881849097480966
AZ: 	240.4616419090273

message received, commanding mount elv: 34, az: 150
ICAO:	'abac50'
TIME:	2019-02-10 09:27:44.919876
ALT:	6750
LAT:	33.733055
LONG:	-84.485493
ELV:	34.575726635373755
AZ: 	240.82931687001644

message received, commanding mount elv: 33, az: 151
ICAO:	'abac50'
TIME:	2019-02-10 09:27:46.439820
ALT:	6725
LAT:	33.733063
LONG:	-84.487778
ELV:	33.95112512887054
AZ: 	241.45254919422118

message received, commanding mount elv: 33, az: 151
ICAO:	'abac50'
TIME:	2019-02-10 09:27:46.889800
ALT:	6725
LAT:	33.733055
LONG:	-84.488411
ELV:	33.80718962823247
AZ: 	241.6151351655198

message received, commanding mount elv: 33, az: 151
ICAO:	'abac50'
TIME:	2019-02-10 09:27:47.829732
ALT:	6725
LAT:	33.733055
LONG:	-84.489727
ELV:	33.513028738368895
AZ: 	241.95717352642035

message received, commanding mount elv: 32, az: 152
ICAO:	'abac50'
TIME:	2019-02-10 09:27:50.009628
ALT:	6700
LAT:	33.733055
LONG:	-84.492931
ELV:	32.7104469822893
AZ: 	242.75871046073877

